[vpdp1170] PDP core memory: configured=128 KW target=262144 bytes active=0 bytes
[vpdp1170] kek KW11-L line clock task started at 60 Hz
[vpdp1170] PDP core initialized: kek PDP-11/70 adapter (active memory=120 KW, target memory=128 KW)
[vpdp1170] kek TTY IRQ      TPS @ 177564 val=000200 unqueue vec=064 remaining=999
[vpdp1170] PDP core selftest: PASS
[vpdp1170] kek TTY IRQ      TPS @ 177564 val=000200 unqueue vec=064 remaining=998
[vpdp1170] kek TTY IRQ      TPS @ 177564 val=000200 unqueue vec=064 remaining=997
[vpdp1170] kek TTY IRQ      TPS @ 177564 val=000200 unqueue vec=064 remaining=996
[vpdp1170] kek TTY IRQ      TPS @ 177564 val=000200 unqueue vec=064 remaining=995
[vpdp1170] kek TTY IRQ      TPS @ 177564 val=000200 unqueue vec=064 remaining=994
[vpdp1170] kek TTY IRQ      TPS @ 177564 val=000200 unqueue vec=064 remaining=993
[vpdp1170] kek TTY IRQ      TPS @ 177564 val=000200 unqueue vec=064 remaining=992
[vpdp1170] kek TTY IRQ      TPS @ 177564 val=000200 unqueue vec=064 remaining=991
[vpdp1170] kek TTY IRQ      TPS @ 177564 val=000200 unqueue vec=064 remaining=990
[vpdp1170] kek TTY IRQ      TPS @ 177564 val=000200 unqueue vec=064 remaining=989
[vpdp1170] kek TTY IRQ      TPS @ 177564 val=000200 unqueue vec=064 remaining=988
[vpdp1170] kek TTY IRQ      TPS @ 177564 val=000200 unqueue vec=064 remaining=987
[vpdp1170] kek TTY IRQ      TPS @ 177564 val=000200 unqueue vec=064 remaining=986
[vpdp1170] kek TTY IRQ      TPS @ 177564 val=000200 unqueue vec=064 remaining=985
[vpdp1170] kek TTY IRQ      TPS @ 177564 val=000200 unqueue vec=064 remaining=984
[vpdp1170] kek TTY IRQ      TPS @ 177564 val=000200 unqueue vec=064 remaining=983
[vpdp1170] WiFi connecting to "OspreyOnhub" (hostname=vpdp11) ...
[vpdp1170] kek TTY IRQ      TPS @ 177564 val=000200 unqueue vec=064 remaining=982
[vpdp1170] kek TTY IRQ      TPS @ 177564 val=000200 unqueue vec=064 remaining=981
[vpdp1170] kek TTY IRQ      TPS @ 177564 val=000200 unqueue vec=064 remaining=980
[vpdp1170] kek TTY IRQ      TPS @ 177564 val=000200 unqueue vec=064 remaining=979
[vpdp1170] kek TTY IRQ      TPS @ 177564 val=000200 unqueue vec=064 remaining=978
[vpdp1170] kek TTY IRQ      TPS @ 177564 val=000200 unqueue vec=064 remaining=977
[vpdp1170] kek TTY IRQ      TPS @ 177564 val=000200 unqueue vec=064 remaining=976
[vpdp1170] kek TTY IRQ      TPS @ 177564 val=000200 unqueue vec=064 remaining=975
[vpdp1170] kek TTY IRQ      TPS @ 177564 val=000200 unqueue vec=064 remaining=974
[vpdp1170] kek TTY IRQ      TPS @ 177564 val=000200 unqueue vec=064 remaining=973
[vpdp1170] kek TTY IRQ      TPS @ 177564 val=000200 unqueue vec=064 remaining=972
[vpdp1170] kek TTY IRQ      TPS @ 177564 val=000200 unqueue vec=064 remaining=971
[vpdp1170] kek TTY IRQ      TPS @ 177564 val=000200 unqueue vec=064 remaining=970
[vpdp1170] kek TTY IRQ      TPS @ 177564 val=000200 unqueue vec=064 remaining=969
[vpdp1170] kek TTY IRQ      TPS @ 177564 val=000200 unqueue vec=064 remaining=968
[vpdp1170] kek TTY IRQ      TPS @ 177564 val=000200 unqueue vec=064 remaining=967
[vpdp1170] kek TTY IRQ      TPS @ 177564 val=000200 unqueue vec=064 remaining=966
[vpdp1170] kek TTY IRQ      TPS @ 177564 val=000200 unqueue vec=064 remaining=965
[vpdp1170] kek TTY IRQ      TPS @ 177564 val=000200 unqueue vec=064 remaining=964
[vpdp1170] kek TTY IRQ      TPS @ 177564 val=000200 unqueue vec=064 remaining=963
[vpdp1170] kek TTY IRQ      TPS @ 177564 val=000200 unqueue vec=064 remaining=962
[vpdp1170] kek TTY IRQ      TPS @ 177564 val=000200 unqueue vec=064 remaining=961
[vpdp1170] kek TTY IRQ      TPS @ 177564 val=000200 unqueue vec=064 remaining=960
[vpdp1170] kek TTY IRQ      TPS @ 177564 val=000200 unqueue vec=064 remaining=959
[vpdp1170] kek TTY IRQ      TPS @ 177564 val=000200 unqueue vec=064 remaining=958
[vpdp1170] kek TTY IRQ      TPS @ 177564 val=000200 unqueue vec=064 remaining=957
[vpdp1170] kek TTY IRQ      TPS @ 177564 val=000200 unqueue vec=064 remaining=956
[vpdp1170] kek TTY IRQ      TPS @ 177564 val=000200 unqueue vec=064 remaining=955
[vpdp1170] kek TTY IRQ      TPS @ 177564 val=000200 unqueue vec=064 remaining=954
[vpdp1170] kek TTY IRQ      TPS @ 177564 val=000200 unqueue vec=064 remaining=953
[vpdp1170] kek TTY IRQ      TPS @ 177564 val=000200 unqueue vec=064 remaining=952
[vpdp1170] kek TTY IRQ      TPS @ 177564 val=000200 unqueue vec=064 remaining=951
[vpdp1170] kek TTY IRQ      TPS @ 177564 val=000200 unqueue vec=064 remaining=950
[vpdp1170] kek TTY IRQ      TPS @ 177564 val=000200 unqueue vec=064 remaining=949
[vpdp1170] kek TTY IRQ      TPS @ 177564 val=000200 unqueue vec=064 remaining=948
[vpdp1170] kek TTY IRQ      TPS @ 177564 val=000200 unqueue vec=064 remaining=947
[vpdp1170] kek TTY IRQ      TPS @ 177564 val=000200 unqueue vec=064 remaining=946
[vpdp1170] kek TTY IRQ      TPS @ 177564 val=000200 unqueue vec=064 remaining=945
[vpdp1170] kek TTY IRQ      TPS @ 177564 val=000200 unqueue vec=064 remaining=944
[vpdp1170] kek TTY IRQ      TPS @ 177564 val=000200 unqueue vec=064 remaining=943
[vpdp1170] kek TTY IRQ      TPS @ 177564 val=000200 unqueue vec=064 remaining=942
[vpdp1170] kek TTY IRQ      TPS @ 177564 val=000200 unqueue vec=064 remaining=941
[vpdp1170] kek TTY IRQ      TPS @ 177564 val=000200 unqueue vec=064 remaining=940
[vpdp1170] kek TTY IRQ      TPS @ 177564 val=000200 unqueue vec=064 remaining=939
[vpdp1170] kek TTY IRQ      TPS @ 177564 val=000200 unqueue vec=064 remaining=938
[vpdp1170] kek TTY IRQ      TPS @ 177564 val=000200 unqueue vec=064 remaining=937
[vpdp1170] kek TTY IRQ      TPS @ 177564 val=000200 unqueue vec=064 remaining=936
[vpdp1170] kek TTY IRQ      TPS @ 177564 val=000200 unqueue vec=064 remaining=935
[vpdp1170] kek TTY IRQ      TPS @ 177564 val=000200 unqueue vec=064 remaining=934
[vpdp1170] kek TTY IRQ      TPS @ 177564 val=000200 unqueue vec=064 remaining=933
[vpdp1170] kek TTY IRQ      TPS @ 177564 val=000200 unqueue vec=064 remaining=932
[vpdp1170] kek TTY IRQ      TPS @ 177564 val=000200 unqueue vec=064 remaining=931
[vpdp1170] kek TTY IRQ      TPS @ 177564 val=000200 unqueue vec=064 remaining=930
[vpdp1170] kek TTY IRQ      TPS @ 177564 val=000200 unqueue vec=064 remaining=929
[vpdp1170] kek TTY IRQ      TPS @ 177564 val=000200 unqueue vec=064 remaining=928
[vpdp1170] kek TTY IRQ      TPS @ 177564 val=000200 unqueue vec=064 remaining=927
[vpdp1170] kek TTY IRQ      TPS @ 177564 val=000200 unqueue vec=064 remaining=926
[vpdp1170] kek TTY IRQ      TPS @ 177564 val=000200 unqueue vec=064 remaining=925
[vpdp1170] kek TTY IRQ      TPS @ 177564 val=000200 unqueue vec=064 remaining=924
[vpdp1170] kek TTY IRQ      TPS @ 177564 val=000200 unqueue vec=064 remaining=923
[vpdp1170] kek TTY IRQ      TPS @ 177564 val=000200 unqueue vec=064 remaining=922
[vpdp1170] kek TTY IRQ      TPS @ 177564 val=000200 unqueue vec=064 remaining=921
[vpdp1170] kek TTY IRQ      TPS @ 177564 val=000200 unqueue vec=064 remaining=920
[vpdp1170] kek TTY IRQ      TPS @ 177564 val=000200 unqueue vec=064 remaining=919
[vpdp1170] kek TTY IRQ      TPS @ 177564 val=000200 unqueue vec=064 remaining=918
[vpdp1170] kek TTY IRQ      TPS @ 177564 val=000200 unqueue vec=064 remaining=917
[vpdp1170] kek TTY IRQ      TPS @ 177564 val=000200 unqueue vec=064 remaining=916
[vpdp1170] kek TTY IRQ      TPS @ 177564 val=000200 unqueue vec=064 remaining=915
[vpdp1170] kek TTY IRQ      TPS @ 177564 val=000200 unqueue vec=064 remaining=914
[vpdp1170] kek TTY IRQ      TPS @ 177564 val=000200 unqueue vec=064 remaining=913
[vpdp1170] kek TTY IRQ      TPS @ 177564 val=000200 unqueue vec=064 remaining=912
[vpdp1170] kek TTY IRQ      TPS @ 177564 val=000200 unqueue vec=064 remaining=911
[vpdp1170] kek TTY IRQ      TPS @ 177564 val=000200 unqueue vec=064 remaining=910
[vpdp1170] kek TTY IRQ      TPS @ 177564 val=000200 unqueue vec=064 remaining=909
[vpdp1170] kek TTY IRQ      TPS @ 177564 val=000200 unqueue vec=064 remaining=908
[vpdp1170] kek TTY IRQ      TPS @ 177564 val=000200 unqueue vec=064 remaining=907
[vpdp1170] kek TTY IRQ      TPS @ 177564 val=000200 unqueue vec=064 remaining=906
[vpdp1170] kek TTY IRQ      TPS @ 177564 val=000200 unqueue vec=064 remaining=905
[vpdp1170] kek TTY IRQ      TPS @ 177564 val=000200 unqueue vec=064 remaining=904
[vpdp1170] kek TTY IRQ      TPS @ 177564 val=000200 unqueue vec=064 remaining=903
[vpdp1170] kek TTY IRQ      TPS @ 177564 val=000200 unqueue vec=064 remaining=902
[vpdp1170] kek TTY IRQ      TPS @ 177564 val=000200 unqueue vec=064 remaining=901
[vpdp1170] kek TTY IRQ      TPS @ 177564 val=000200 unqueue vec=064 remaining=900
[vpdp1170] kek TTY IRQ      TPS @ 177564 val=000200 unqueue vec=064 remaining=899
[vpdp1170] kek TTY IRQ      TPS @ 177564 val=000200 unqueue vec=064 remaining=898
[vpdp1170] kek TTY IRQ      TPS @ 177564 val=000200 unqueue vec=064 remaining=897
[vpdp1170] kek TTY IRQ      TPS @ 177564 val=000200 unqueue vec=064 remaining=896
[vpdp1170] kek TTY IRQ      TPS @ 177564 val=000200 unqueue vec=064 remaining=895
[vpdp1170] kek TTY IRQ      TPS @ 177564 val=000200 unqueue vec=064 remaining=894
[vpdp1170] kek TTY IRQ      TPS @ 177564 val=000200 unqueue vec=064 remaining=893
[vpdp1170] kek TTY IRQ      TPS @ 177564 val=000200 unqueue vec=064 remaining=892
[vpdp1170] kek TTY IRQ      TPS @ 177564 val=000200 unqueue vec=064 remaining=891
[vpdp1170] kek TTY IRQ      TPS @ 177564 val=000200 unqueue vec=064 remaining=890
[vpdp1170] kek TTY IRQ      TPS @ 177564 val=000200 unqueue vec=064 remaining=889
[vpdp1170] kek TTY IRQ      TPS @ 177564 val=000200 unqueue vec=064 remaining=888
[vpdp1170] kek TTY IRQ      TPS @ 177564 val=000200 unqueue vec=064 remaining=887
[vpdp1170] kek TTY IRQ      TPS @ 177564 val=000200 unqueue vec=064 remaining=886
[vpdp1170] kek TTY IRQ      TPS @ 177564 val=000200 unqueue vec=064 remaining=885
[vpdp1170] kek TTY IRQ      TPS @ 177564 val=000200 unqueue vec=064 remaining=884
[vpdp1170] kek TTY IRQ      TPS @ 177564 val=000200 unqueue vec=064 remaining=883
[vpdp1170] kek TTY IRQ      TPS @ 177564 val=000200 unqueue vec=064 remaining=882
[vpdp1170] kek TTY IRQ      TPS @ 177564 val=000200 unqueue vec=064 remaining=881
[vpdp1170] kek TTY IRQ      TPS @ 177564 val=000200 unqueue vec=064 remaining=880
[vpdp1170] kek TTY IRQ      TPS @ 177564 val=000200 unqueue vec=064 remaining=879
[vpdp1170] kek TTY IRQ      TPS @ 177564 val=000200 unqueue vec=064 remaining=878
[vpdp1170] kek TTY IRQ      TPS @ 177564 val=000200 unqueue vec=064 remaining=877
[vpdp1170] kek TTY IRQ      TPS @ 177564 val=000200 unqueue vec=064 remaining=876
[vpdp1170] kek TTY IRQ      TPS @ 177564 val=000200 unqueue vec=064 remaining=875
[vpdp1170] kek TTY IRQ      TPS @ 177564 val=000200 unqueue vec=064 remaining=874
[vpdp1170] kek TTY IRQ      TPS @ 177564 val=000200 unqueue vec=064 remaining=873
[vpdp1170] kek TTY IRQ      TPS @ 177564 val=000200 unqueue vec=064 remaining=872
[vpdp1170] kek TTY IRQ      TPS @ 177564 val=000200 unqueue vec=064 remaining=871
[vpdp1170] kek TTY IRQ      TPS @ 177564 val=000200 unqueue vec=064 remaining=870
[vpdp1170] kek TTY IRQ      TPS @ 177564 val=000200 unqueue vec=064 remaining=869
[vpdp1170] kek TTY IRQ      TPS @ 177564 val=000200 unqueue vec=064 remaining=868
[vpdp1170] kek TTY IRQ      TPS @ 177564 val=000200 unqueue vec=064 remaining=867
[vpdp1170] kek TTY IRQ      TPS @ 177564 val=000200 unqueue vec=064 remaining=866
[vpdp1170] kek TTY IRQ      TPS @ 177564 val=000200 unqueue vec=064 remaining=865
[vpdp1170] kek TTY IRQ      TPS @ 177564 val=000200 unqueue vec=064 remaining=864
[vpdp1170] kek TTY IRQ      TPS @ 177564 val=000200 unqueue vec=064 remaining=863
[vpdp1170] kek TTY IRQ      TPS @ 177564 val=000200 unqueue vec=064 remaining=862
[vpdp1170] kek TTY IRQ      TPS @ 177564 val=000200 unqueue vec=064 remaining=861
[vpdp1170] kek TTY IRQ      TPS @ 177564 val=000200 unqueue vec=064 remaining=860
[vpdp1170] kek TTY IRQ      TPS @ 177564 val=000200 unqueue vec=064 remaining=859
[vpdp1170] kek TTY IRQ      TPS @ 177564 val=000200 unqueue vec=064 remaining=858
[vpdp1170] kek TTY IRQ      TPS @ 177564 val=000200 unqueue vec=064 remaining=857
[vpdp1170] kek TTY IRQ      TPS @ 177564 val=000200 unqueue vec=064 remaining=856
[vpdp1170] kek TTY IRQ      TPS @ 177564 val=000200 unqueue vec=064 remaining=855
[vpdp1170] kek TTY IRQ      TPS @ 177564 val=000200 unqueue vec=064 remaining=854
[vpdp1170] kek TTY IRQ      TPS @ 177564 val=000200 unqueue vec=064 remaining=853
[vpdp1170] kek TTY IRQ      TPS @ 177564 val=000200 unqueue vec=064 remaining=852
[vpdp1170] kek TTY IRQ      TPS @ 177564 val=000200 unqueue vec=064 remaining=851
[vpdp1170] kek TTY IRQ      TPS @ 177564 val=000200 unqueue vec=064 remaining=850
[vpdp1170] kek TTY IRQ      TPS @ 177564 val=000200 unqueue vec=064 remaining=849
[vpdp1170] kek TTY IRQ      TPS @ 177564 val=000200 unqueue vec=064 remaining=848
[vpdp1170] kek TTY IRQ      TPS @ 177564 val=000200 unqueue vec=064 remaining=847
[vpdp1170] kek TTY IRQ      TPS @ 177564 val=000200 unqueue vec=064 remaining=846
[vpdp1170] kek TTY IRQ      TPS @ 177564 val=000200 unqueue vec=064 remaining=845
[vpdp1170] kek TTY IRQ      TPS @ 177564 val=000200 unqueue vec=064 remaining=844
[vpdp1170] kek TTY IRQ      TPS @ 177564 val=000200 unqueue vec=064 remaining=843
[vpdp1170] kek TTY IRQ      TPS @ 177564 val=000200 unqueue vec=064 remaining=842
[vpdp1170] kek TTY IRQ      TPS @ 177564 val=000200 unqueue vec=064 remaining=841
[vpdp1170] kek TTY IRQ      TPS @ 177564 val=000200 unqueue vec=064 remaining=840
[vpdp1170] kek TTY IRQ      TPS @ 177564 val=000200 unqueue vec=064 remaining=839
[vpdp1170] kek TTY IRQ      TPS @ 177564 val=000200 unqueue vec=064 remaining=838
[vpdp1170] kek TTY IRQ      TPS @ 177564 val=000200 unqueue vec=064 remaining=837
[vpdp1170] kek TTY IRQ      TPS @ 177564 val=000200 unqueue vec=064 remaining=836
[vpdp1170] kek TTY IRQ      TPS @ 177564 val=000200 unqueue vec=064 remaining=835
[vpdp1170] kek TTY IRQ      TPS @ 177564 val=000200 unqueue vec=064 remaining=834
[vpdp1170] kek TTY IRQ      TPS @ 177564 val=000200 unqueue vec=064 remaining=833
[vpdp1170] kek TTY IRQ      TPS @ 177564 val=000200 unqueue vec=064 remaining=832
[vpdp1170] kek TTY IRQ      TPS @ 177564 val=000200 unqueue vec=064 remaining=831
[vpdp1170] kek TTY IRQ      TPS @ 177564 val=000200 unqueue vec=064 remaining=830
[vpdp1170] kek TTY IRQ      TPS @ 177564 val=000200 unqueue vec=064 remaining=829
[vpdp1170] kek TTY IRQ      TPS @ 177564 val=000200 unqueue vec=064 remaining=828
[vpdp1170] kek TTY IRQ      TPS @ 177564 val=000200 unqueue vec=064 remaining=827
[vpdp1170] kek TTY IRQ      TPS @ 177564 val=000200 unqueue vec=064 remaining=826
[vpdp1170] kek TTY IRQ      TPS @ 177564 val=000200 unqueue vec=064 remaining=825
[vpdp1170] kek TTY IRQ      TPS @ 177564 val=000200 unqueue vec=064 remaining=824
[vpdp1170] kek TTY IRQ      TPS @ 177564 val=000200 unqueue vec=064 remaining=823
[vpdp1170] kek TTY IRQ      TPS @ 177564 val=000200 unqueue vec=064 remaining=822
[vpdp1170] kek TTY IRQ      TPS @ 177564 val=000200 unqueue vec=064 remaining=821
[vpdp1170] kek TTY IRQ      TPS @ 177564 val=000200 unqueue vec=064 remaining=820
[vpdp1170] kek TTY IRQ      TPS @ 177564 val=000200 unqueue vec=064 remaining=819
[vpdp1170] kek TTY IRQ      TPS @ 177564 val=000200 unqueue vec=064 remaining=818
[vpdp1170] kek TTY IRQ      TPS @ 177564 val=000200 unqueue vec=064 remaining=817
[vpdp1170] kek TTY IRQ      TPS @ 177564 val=000200 unqueue vec=064 remaining=816
[vpdp1170] kek TTY IRQ      TPS @ 177564 val=000200 unqueue vec=064 remaining=815
[vpdp1170] kek TTY IRQ      TPS @ 177564 val=000200 unqueue vec=064 remaining=814
[vpdp1170] kek TTY IRQ      TPS @ 177564 val=000200 unqueue vec=064 remaining=813
[vpdp1170] kek TTY IRQ      TPS @ 177564 val=000200 unqueue vec=064 remaining=812
[vpdp1170] kek TTY IRQ      TPS @ 177564 val=000200 unqueue vec=064 remaining=811
[vpdp1170] kek TTY IRQ      TPS @ 177564 val=000200 unqueue vec=064 remaining=810
[vpdp1170] kek TTY IRQ      TPS @ 177564 val=000200 unqueue vec=064 remaining=809
[vpdp1170] kek TTY IRQ      TPS @ 177564 val=000200 unqueue vec=064 remaining=808
[vpdp1170] kek TTY IRQ      TPS @ 177564 val=000200 unqueue vec=064 remaining=807
[vpdp1170] kek TTY IRQ      TPS @ 177564 val=000200 unqueue vec=064 remaining=806
[vpdp1170] kek TTY IRQ      TPS @ 177564 val=000200 unqueue vec=064 remaining=805
[vpdp1170] kek TTY IRQ      TPS @ 177564 val=000200 unqueue vec=064 remaining=804
[vpdp1170] kek TTY IRQ      TPS @ 177564 val=000200 unqueue vec=064 remaining=803
[vpdp1170] kek TTY IRQ      TPS @ 177564 val=000200 unqueue vec=064 remaining=802
[vpdp1170] kek TTY IRQ      TPS @ 177564 val=000200 unqueue vec=064 remaining=801
[vpdp1170] kek TTY IRQ      TPS @ 177564 val=000200 unqueue vec=064 remaining=800
[vpdp1170] kek TTY IRQ      TPS @ 177564 val=000200 unqueue vec=064 remaining=799
[vpdp1170] kek TTY IRQ      TPS @ 177564 val=000200 unqueue vec=064 remaining=798
[vpdp1170] kek TTY IRQ      TPS @ 177564 val=000200 unqueue vec=064 remaining=797
[vpdp1170] kek TTY IRQ      TPS @ 177564 val=000200 unqueue vec=064 remaining=796
[vpdp1170] kek TTY IRQ      TPS @ 177564 val=000200 unqueue vec=064 remaining=795
[vpdp1170] kek TTY IRQ      TPS @ 177564 val=000200 unqueue vec=064 remaining=794
[vpdp1170] kek TTY IRQ      TPS @ 177564 val=000200 unqueue vec=064 remaining=793
[vpdp1170] kek TTY IRQ      TPS @ 177564 val=000200 unqueue vec=064 remaining=792
[vpdp1170] kek TTY IRQ      TPS @ 177564 val=000200 unqueue vec=064 remaining=791
[vpdp1170] kek TTY IRQ      TPS @ 177564 val=000200 unqueue vec=064 remaining=790
[vpdp1170] kek TTY IRQ      TPS @ 177564 val=000200 unqueue vec=064 remaining=789
[vpdp1170] kek TTY IRQ      TPS @ 177564 val=000200 unqueue vec=064 remaining=788
[vpdp1170] kek TTY IRQ      TPS @ 177564 val=000200 unqueue vec=064 remaining=787
[vpdp1170] kek TTY IRQ      TPS @ 177564 val=000200 unqueue vec=064 remaining=786
[vpdp1170] kek TTY IRQ      TPS @ 177564 val=000200 unqueue vec=064 remaining=785
[vpdp1170] kek TTY IRQ      TPS @ 177564 val=000200 unqueue vec=064 remaining=784
[vpdp1170] kek TTY IRQ      TPS @ 177564 val=000200 unqueue vec=064 remaining=783
[vpdp1170] kek TTY IRQ      TPS @ 177564 val=000200 unqueue vec=064 remaining=782
[vpdp1170] kek TTY IRQ      TPS @ 177564 val=000200 unqueue vec=064 remaining=781
[vpdp1170] kek TTY IRQ      TPS @ 177564 val=000200 unqueue vec=064 remaining=780
[vpdp1170] kek TTY IRQ      TPS @ 177564 val=000200 unqueue vec=064 remaining=779
[vpdp1170] kek TTY IRQ      TPS @ 177564 val=000200 unqueue vec=064 remaining=778
[vpdp1170] kek TTY IRQ      TPS @ 177564 val=000200 unqueue vec=064 remaining=777
[vpdp1170] kek TTY IRQ      TPS @ 177564 val=000200 unqueue vec=064 remaining=776
[vpdp1170] kek TTY IRQ      TPS @ 177564 val=000200 unqueue vec=064 remaining=775
[vpdp1170] kek TTY IRQ      TPS @ 177564 val=000200 unqueue vec=064 remaining=774
[vpdp1170] kek TTY IRQ      TPS @ 177564 val=000200 unqueue vec=064 remaining=773
[vpdp1170] kek TTY IRQ      TPS @ 177564 val=000200 unqueue vec=064 remaining=772
[vpdp1170] kek TTY IRQ      TPS @ 177564 val=000200 unqueue vec=064 remaining=771
[vpdp1170] kek TTY IRQ      TPS @ 177564 val=000200 unqueue vec=064 remaining=770
[vpdp1170] kek TTY IRQ      TPS @ 177564 val=000200 unqueue vec=064 remaining=769
[vpdp1170] kek TTY IRQ      TPS @ 177564 val=000200 unqueue vec=064 remaining=768
[vpdp1170] kek TTY IRQ      TPS @ 177564 val=000200 unqueue vec=064 remaining=767
[vpdp1170] kek TTY IRQ      TPS @ 177564 val=000200 unqueue vec=064 remaining=766
[vpdp1170] kek TTY IRQ      TPS @ 177564 val=000200 unqueue vec=064 remaining=765
[vpdp1170] kek TTY IRQ      TPS @ 177564 val=000200 unqueue vec=064 remaining=764
[vpdp1170] kek TTY IRQ      TPS @ 177564 val=000200 unqueue vec=064 remaining=763
[vpdp1170] kek TTY IRQ      TPS @ 177564 val=000200 unqueue vec=064 remaining=762
[vpdp1170] kek TTY IRQ      TPS @ 177564 val=000200 unqueue vec=064 remaining=761
[vpdp1170] kek TTY IRQ      TPS @ 177564 val=000200 unqueue vec=064 remaining=760
[vpdp1170] kek TTY IRQ      TPS @ 177564 val=000200 unqueue vec=064 remaining=759
[vpdp1170] kek TTY IRQ      TPS @ 177564 val=000200 unqueue vec=064 remaining=758
[vpdp1170] kek TTY IRQ      TPS @ 177564 val=000200 unqueue vec=064 remaining=757
[vpdp1170] kek TTY IRQ      TPS @ 177564 val=000200 unqueue vec=064 remaining=756
[vpdp1170] kek TTY IRQ      TPS @ 177564 val=000200 unqueue vec=064 remaining=755
[vpdp1170] kek TTY IRQ      TPS @ 177564 val=000200 unqueue vec=064 remaining=754
[vpdp1170] kek TTY IRQ      TPS @ 177564 val=000200 unqueue vec=064 remaining=753
[vpdp1170] kek TTY IRQ      TPS @ 177564 val=000200 unqueue vec=064 remaining=752
[vpdp1170] kek TTY IRQ      TPS @ 177564 val=000200 unqueue vec=064 remaining=751
[vpdp1170] kek TTY IRQ      TPS @ 177564 val=000200 unqueue vec=064 remaining=750
[vpdp1170] kek TTY IRQ      TPS @ 177564 val=000200 unqueue vec=064 remaining=749
[vpdp1170] kek TTY IRQ      TPS @ 177564 val=000200 unqueue vec=064 remaining=748
[vpdp1170] kek TTY IRQ      TPS @ 177564 val=000200 unqueue vec=064 remaining=747
[vpdp1170] kek TTY IRQ      TPS @ 177564 val=000200 unqueue vec=064 remaining=746
[vpdp1170] kek TTY IRQ      TPS @ 177564 val=000200 unqueue vec=064 remaining=745
[vpdp1170] kek TTY IRQ      TPS @ 177564 val=000200 unqueue vec=064 remaining=744
[vpdp1170] kek TTY IRQ      TPS @ 177564 val=000200 unqueue vec=064 remaining=743
[vpdp1170] kek TTY IRQ      TPS @ 177564 val=000200 unqueue vec=064 remaining=742
[vpdp1170] kek TTY IRQ      TPS @ 177564 val=000200 unqueue vec=064 remaining=741
[vpdp1170] kek TTY IRQ      TPS @ 177564 val=000200 unqueue vec=064 remaining=740
[vpdp1170] kek TTY IRQ      TPS @ 177564 val=000200 unqueue vec=064 remaining=739
[vpdp1170] kek TTY IRQ      TPS @ 177564 val=000200 unqueue vec=064 remaining=738
[vpdp1170] kek TTY IRQ      TPS @ 177564 val=000200 unqueue vec=064 remaining=737
.[vpdp1170] kek TTY IRQ      TPS @ 177564 val=000200 unqueue vec=064 remaining=736
[vpdp1170] kek TTY IRQ      TPS @ 177564 val=000200 unqueue vec=064 remaining=735
[vpdp1170] kek TTY IRQ      TPS @ 177564 val=000200 unqueue vec=064 remaining=734
[vpdp1170] kek TTY IRQ      TPS @ 177564 val=000200 unqueue vec=064 remaining=733
[vpdp1170] kek TTY IRQ      TPS @ 177564 val=000200 unqueue vec=064 remaining=732
[vpdp1170] kek TTY IRQ      TPS @ 177564 val=000200 unqueue vec=064 remaining=731
[vpdp1170] kek TTY IRQ      TPS @ 177564 val=000200 unqueue vec=064 remaining=730
[vpdp1170] kek TTY IRQ      TPS @ 177564 val=000200 unqueue vec=064 remaining=729
[vpdp1170] kek TTY IRQ      TPS @ 177564 val=000200 unqueue vec=064 remaining=728
[vpdp1170] kek TTY IRQ      TPS @ 177564 val=000200 unqueue vec=064 remaining=727
[vpdp1170] kek TTY IRQ      TPS @ 177564 val=000200 unqueue vec=064 remaining=726
[vpdp1170] kek TTY IRQ      TPS @ 177564 val=000200 unqueue vec=064 remaining=725
[vpdp1170] kek TTY IRQ      TPS @ 177564 val=000200 unqueue vec=064 remaining=724
[vpdp1170] kek TTY IRQ      TPS @ 177564 val=000200 unqueue vec=064 remaining=723
[vpdp1170] kek TTY IRQ      TPS @ 177564 val=000200 unqueue vec=064 remaining=722
[vpdp1170] kek TTY IRQ      TPS @ 177564 val=000200 unqueue vec=064 remaining=721
[vpdp1170] kek TTY IRQ      TPS @ 177564 val=000200 unqueue vec=064 remaining=720
[vpdp1170] kek TTY IRQ      TPS @ 177564 val=000200 unqueue vec=064 remaining=719
[vpdp1170] kek TTY IRQ      TPS @ 177564 val=000200 unqueue vec=064 remaining=718
[vpdp1170] kek TTY IRQ      TPS @ 177564 val=000200 unqueue vec=064 remaining=717
[vpdp1170] kek TTY IRQ      TPS @ 177564 val=000200 unqueue vec=064 remaining=716
[vpdp1170] kek TTY IRQ      TPS @ 177564 val=000200 unqueue vec=064 remaining=715
[vpdp1170] kek TTY IRQ      TPS @ 177564 val=000200 unqueue vec=064 remaining=714
[vpdp1170] kek TTY IRQ      TPS @ 177564 val=000200 unqueue vec=064 remaining=713
[vpdp1170] kek TTY IRQ      TPS @ 177564 val=000200 unqueue vec=064 remaining=712
[vpdp1170] kek TTY IRQ      TPS @ 177564 val=000200 unqueue vec=064 remaining=711
[vpdp1170] kek TTY IRQ      TPS @ 177564 val=000200 unqueue vec=064 remaining=710
[vpdp1170] kek TTY IRQ      TPS @ 177564 val=000200 unqueue vec=064 remaining=709
[vpdp1170] kek TTY IRQ      TPS @ 177564 val=000200 unqueue vec=064 remaining=708
[vpdp1170] kek TTY IRQ      TPS @ 177564 val=000200 unqueue vec=064 remaining=707
[vpdp1170] kek TTY IRQ      TPS @ 177564 val=000200 unqueue vec=064 remaining=706
[vpdp1170] kek TTY IRQ      TPS @ 177564 val=000200 unqueue vec=064 remaining=705
[vpdp1170] kek TTY IRQ      TPS @ 177564 val=000200 unqueue vec=064 remaining=704
[vpdp1170] kek TTY IRQ      TPS @ 177564 val=000200 unqueue vec=064 remaining=703
[vpdp1170] kek TTY IRQ      TPS @ 177564 val=000200 unqueue vec=064 remaining=702
[vpdp1170] kek TTY IRQ      TPS @ 177564 val=000200 unqueue vec=064 remaining=701
[vpdp1170] kek TTY IRQ      TPS @ 177564 val=000200 unqueue vec=064 remaining=700
[vpdp1170] kek TTY IRQ      TPS @ 177564 val=000200 unqueue vec=064 remaining=699
[vpdp1170] kek TTY IRQ      TPS @ 177564 val=000200 unqueue vec=064 remaining=698
[vpdp1170] kek TTY IRQ      TPS @ 177564 val=000200 unqueue vec=064 remaining=697
[vpdp1170] kek TTY IRQ      TPS @ 177564 val=000200 unqueue vec=064 remaining=696
[vpdp1170] kek TTY IRQ      TPS @ 177564 val=000200 unqueue vec=064 remaining=695
[vpdp1170] kek TTY IRQ      TPS @ 177564 val=000200 unqueue vec=064 remaining=694
[vpdp1170] kek TTY IRQ      TPS @ 177564 val=000200 unqueue vec=064 remaining=693
[vpdp1170] kek TTY IRQ      TPS @ 177564 val=000200 unqueue vec=064 remaining=692
[vpdp1170] kek TTY IRQ      TPS @ 177564 val=000200 unqueue vec=064 remaining=691
[vpdp1170] kek TTY IRQ      TPS @ 177564 val=000200 unqueue vec=064 remaining=690
[vpdp1170] kek TTY IRQ      TPS @ 177564 val=000200 unqueue vec=064 remaining=689
[vpdp1170] kek TTY IRQ      TPS @ 177564 val=000200 unqueue vec=064 remaining=688
[vpdp1170] kek TTY IRQ      TPS @ 177564 val=000200 unqueue vec=064 remaining=687
[vpdp1170] kek TTY IRQ      TPS @ 177564 val=000200 unqueue vec=064 remaining=686
[vpdp1170] kek TTY IRQ      TPS @ 177564 val=000200 unqueue vec=064 remaining=685
[vpdp1170] kek TTY IRQ      TPS @ 177564 val=000200 unqueue vec=064 remaining=684
[vpdp1170] kek TTY IRQ      TPS @ 177564 val=000200 unqueue vec=064 remaining=683
[vpdp1170] kek TTY IRQ      TPS @ 177564 val=000200 unqueue vec=064 remaining=682
[vpdp1170] kek TTY IRQ      TPS @ 177564 val=000200 unqueue vec=064 remaining=681
[vpdp1170] kek TTY IRQ      TPS @ 177564 val=000200 unqueue vec=064 remaining=680
[vpdp1170] kek TTY IRQ      TPS @ 177564 val=000200 unqueue vec=064 remaining=679
[vpdp1170] kek TTY IRQ      TPS @ 177564 val=000200 unqueue vec=064 remaining=678
[vpdp1170] kek TTY IRQ      TPS @ 177564 val=000200 unqueue vec=064 remaining=677
[vpdp1170] kek TTY IRQ      TPS @ 177564 val=000200 unqueue vec=064 remaining=676
[vpdp1170] kek TTY IRQ      TPS @ 177564 val=000200 unqueue vec=064 remaining=675
[vpdp1170] kek TTY IRQ      TPS @ 177564 val=000200 unqueue vec=064 remaining=674
[vpdp1170] kek TTY IRQ      TPS @ 177564 val=000200 unqueue vec=064 remaining=673
[vpdp1170] kek TTY IRQ      TPS @ 177564 val=000200 unqueue vec=064 remaining=672
[vpdp1170] kek TTY IRQ      TPS @ 177564 val=000200 unqueue vec=064 remaining=671
[vpdp1170] kek TTY IRQ      TPS @ 177564 val=000200 unqueue vec=064 remaining=670
[vpdp1170] kek TTY IRQ      TPS @ 177564 val=000200 unqueue vec=064 remaining=669
[vpdp1170] kek TTY IRQ      TPS @ 177564 val=000200 unqueue vec=064 remaining=668
[vpdp1170] kek TTY IRQ      TPS @ 177564 val=000200 unqueue vec=064 remaining=667
[vpdp1170] kek TTY IRQ      TPS @ 177564 val=000200 unqueue vec=064 remaining=666
[vpdp1170] kek TTY IRQ      TPS @ 177564 val=000200 unqueue vec=064 remaining=665
[vpdp1170] kek TTY IRQ      TPS @ 177564 val=000200 unqueue vec=064 remaining=664
[vpdp1170] kek TTY IRQ      TPS @ 177564 val=000200 unqueue vec=064 remaining=663
[vpdp1170] kek TTY IRQ      TPS @ 177564 val=000200 unqueue vec=064 remaining=662
[vpdp1170] kek TTY IRQ      TPS @ 177564 val=000200 unqueue vec=064 remaining=661
[vpdp1170] kek TTY IRQ      TPS @ 177564 val=000200 unqueue vec=064 remaining=660
[vpdp1170] kek TTY IRQ      TPS @ 177564 val=000200 unqueue vec=064 remaining=659
[vpdp1170] kek TTY IRQ      TPS @ 177564 val=000200 unqueue vec=064 remaining=658
[vpdp1170] kek TTY IRQ      TPS @ 177564 val=000200 unqueue vec=064 remaining=657
[vpdp1170] kek TTY IRQ      TPS @ 177564 val=000200 unqueue vec=064 remaining=656
[vpdp1170] kek TTY IRQ      TPS @ 177564 val=000200 unqueue vec=064 remaining=655
[vpdp1170] kek TTY IRQ      TPS @ 177564 val=000200 unqueue vec=064 remaining=654
[vpdp1170] kek TTY IRQ      TPS @ 177564 val=000200 unqueue vec=064 remaining=653
[vpdp1170] kek TTY IRQ      TPS @ 177564 val=000200 unqueue vec=064 remaining=652
[vpdp1170] kek TTY IRQ      TPS @ 177564 val=000200 unqueue vec=064 remaining=651
[vpdp1170] kek TTY IRQ      TPS @ 177564 val=000200 unqueue vec=064 remaining=650
[vpdp1170] kek TTY IRQ      TPS @ 177564 val=000200 unqueue vec=064 remaining=649
[vpdp1170] kek TTY IRQ      TPS @ 177564 val=000200 unqueue vec=064 remaining=648
[vpdp1170] kek TTY IRQ      TPS @ 177564 val=000200 unqueue vec=064 remaining=647
[vpdp1170] kek TTY IRQ      TPS @ 177564 val=000200 unqueue vec=064 remaining=646
[vpdp1170] kek TTY IRQ      TPS @ 177564 val=000200 unqueue vec=064 remaining=645
[vpdp1170] kek TTY IRQ      TPS @ 177564 val=000200 unqueue vec=064 remaining=644
[vpdp1170] kek TTY IRQ      TPS @ 177564 val=000200 unqueue vec=064 remaining=643
[vpdp1170] kek TTY IRQ      TPS @ 177564 val=000200 unqueue vec=064 remaining=642
[vpdp1170] kek TTY IRQ      TPS @ 177564 val=000200 unqueue vec=064 remaining=641
[vpdp1170] kek TTY IRQ      TPS @ 177564 val=000200 unqueue vec=064 remaining=640
[vpdp1170] kek TTY IRQ      TPS @ 177564 val=000200 unqueue vec=064 remaining=639
[vpdp1170] kek TTY IRQ      TPS @ 177564 val=000200 unqueue vec=064 remaining=638
[vpdp1170] kek TTY IRQ      TPS @ 177564 val=000200 unqueue vec=064 remaining=637
[vpdp1170] kek TTY IRQ      TPS @ 177564 val=000200 unqueue vec=064 remaining=636
[vpdp1170] kek TTY IRQ      TPS @ 177564 val=000200 unqueue vec=064 remaining=635
[vpdp1170] kek TTY IRQ      TPS @ 177564 val=000200 unqueue vec=064 remaining=634
[vpdp1170] kek TTY IRQ      TPS @ 177564 val=000200 unqueue vec=064 remaining=633
[vpdp1170] kek TTY IRQ      TPS @ 177564 val=000200 unqueue vec=064 remaining=632
[vpdp1170] kek TTY IRQ      TPS @ 177564 val=000200 unqueue vec=064 remaining=631
[vpdp1170] kek TTY IRQ      TPS @ 177564 val=000200 unqueue vec=064 remaining=630
[vpdp1170] kek TTY IRQ      TPS @ 177564 val=000200 unqueue vec=064 remaining=629
[vpdp1170] kek TTY IRQ      TPS @ 177564 val=000200 unqueue vec=064 remaining=628
[vpdp1170] kek TTY IRQ      TPS @ 177564 val=000200 unqueue vec=064 remaining=627
[vpdp1170] kek TTY IRQ      TPS @ 177564 val=000200 unqueue vec=064 remaining=626
[vpdp1170] kek TTY IRQ      TPS @ 177564 val=000200 unqueue vec=064 remaining=625
[vpdp1170] kek TTY IRQ      TPS @ 177564 val=000200 unqueue vec=064 remaining=624
[vpdp1170] kek TTY IRQ      TPS @ 177564 val=000200 unqueue vec=064 remaining=623
[vpdp1170] kek TTY IRQ      TPS @ 177564 val=000200 unqueue vec=064 remaining=622
[vpdp1170] kek TTY IRQ      TPS @ 177564 val=000200 unqueue vec=064 remaining=621
[vpdp1170] kek TTY IRQ      TPS @ 177564 val=000200 unqueue vec=064 remaining=620
[vpdp1170] kek TTY IRQ      TPS @ 177564 val=000200 unqueue vec=064 remaining=619
[vpdp1170] kek TTY IRQ      TPS @ 177564 val=000200 unqueue vec=064 remaining=618
[vpdp1170] kek TTY IRQ      TPS @ 177564 val=000200 unqueue vec=064 remaining=617
[vpdp1170] kek TTY IRQ      TPS @ 177564 val=000200 unqueue vec=064 remaining=616
[vpdp1170] kek TTY IRQ      TPS @ 177564 val=000200 unqueue vec=064 remaining=615
[vpdp1170] kek TTY IRQ      TPS @ 177564 val=000200 unqueue vec=064 remaining=614
[vpdp1170] kek TTY IRQ      TPS @ 177564 val=000200 unqueue vec=064 remaining=613
[vpdp1170] kek TTY IRQ      TPS @ 177564 val=000200 unqueue vec=064 remaining=612
[vpdp1170] kek TTY IRQ      TPS @ 177564 val=000200 unqueue vec=064 remaining=611
[vpdp1170] kek TTY IRQ      TPS @ 177564 val=000200 unqueue vec=064 remaining=610
[vpdp1170] kek TTY IRQ      TPS @ 177564 val=000200 unqueue vec=064 remaining=609
[vpdp1170] kek TTY IRQ      TPS @ 177564 val=000200 unqueue vec=064 remaining=608
[vpdp1170] kek TTY IRQ      TPS @ 177564 val=000200 unqueue vec=064 remaining=607
[vpdp1170] kek TTY IRQ      TPS @ 177564 val=000200 unqueue vec=064 remaining=606
[vpdp1170] kek TTY IRQ      TPS @ 177564 val=000200 unqueue vec=064 remaining=605
[vpdp1170] kek TTY IRQ      TPS @ 177564 val=000200 unqueue vec=064 remaining=604
[vpdp1170] kek TTY IRQ      TPS @ 177564 val=000200 unqueue vec=064 remaining=603
[vpdp1170] kek TTY IRQ      TPS @ 177564 val=000200 unqueue vec=064 remaining=602
[vpdp1170] kek TTY IRQ      TPS @ 177564 val=000200 unqueue vec=064 remaining=601
[vpdp1170] kek TTY IRQ      TPS @ 177564 val=000200 unqueue vec=064 remaining=600
[vpdp1170] kek TTY IRQ      TPS @ 177564 val=000200 unqueue vec=064 remaining=599
[vpdp1170] kek TTY IRQ      TPS @ 177564 val=000200 unqueue vec=064 remaining=598
[vpdp1170] kek TTY IRQ      TPS @ 177564 val=000200 unqueue vec=064 remaining=597
[vpdp1170] kek TTY IRQ      TPS @ 177564 val=000200 unqueue vec=064 remaining=596
[vpdp1170] kek TTY IRQ      TPS @ 177564 val=000200 unqueue vec=064 remaining=595
[vpdp1170] kek TTY IRQ      TPS @ 177564 val=000200 unqueue vec=064 remaining=594
[vpdp1170] kek TTY IRQ      TPS @ 177564 val=000200 unqueue vec=064 remaining=593
[vpdp1170] kek TTY IRQ      TPS @ 177564 val=000200 unqueue vec=064 remaining=592
[vpdp1170] kek TTY IRQ      TPS @ 177564 val=000200 unqueue vec=064 remaining=591
[vpdp1170] kek TTY IRQ      TPS @ 177564 val=000200 unqueue vec=064 remaining=590
[vpdp1170] kek TTY IRQ      TPS @ 177564 val=000200 unqueue vec=064 remaining=589
[vpdp1170] kek TTY IRQ      TPS @ 177564 val=000200 unqueue vec=064 remaining=588
[vpdp1170] kek TTY IRQ      TPS @ 177564 val=000200 unqueue vec=064 remaining=587
[vpdp1170] kek TTY IRQ      TPS @ 177564 val=000200 unqueue vec=064 remaining=586
[vpdp1170] kek TTY IRQ      TPS @ 177564 val=000200 unqueue vec=064 remaining=585
[vpdp1170] kek TTY IRQ      TPS @ 177564 val=000200 unqueue vec=064 remaining=584
[vpdp1170] kek TTY IRQ      TPS @ 177564 val=000200 unqueue vec=064 remaining=583
[vpdp1170] kek TTY IRQ      TPS @ 177564 val=000200 unqueue vec=064 remaining=582
[vpdp1170] kek TTY IRQ      TPS @ 177564 val=000200 unqueue vec=064 remaining=581
[vpdp1170] kek TTY IRQ      TPS @ 177564 val=000200 unqueue vec=064 remaining=580
[vpdp1170] kek TTY IRQ      TPS @ 177564 val=000200 unqueue vec=064 remaining=579
[vpdp1170] kek TTY IRQ      TPS @ 177564 val=000200 unqueue vec=064 remaining=578
[vpdp1170] kek TTY IRQ      TPS @ 177564 val=000200 unqueue vec=064 remaining=577
[vpdp1170] kek TTY IRQ      TPS @ 177564 val=000200 unqueue vec=064 remaining=576
[vpdp1170] kek TTY IRQ      TPS @ 177564 val=000200 unqueue vec=064 remaining=575
[vpdp1170] kek TTY IRQ      TPS @ 177564 val=000200 unqueue vec=064 remaining=574
[vpdp1170] kek TTY IRQ      TPS @ 177564 val=000200 unqueue vec=064 remaining=573
[vpdp1170] kek TTY IRQ      TPS @ 177564 val=000200 unqueue vec=064 remaining=572
[vpdp1170] kek TTY IRQ      TPS @ 177564 val=000200 unqueue vec=064 remaining=571
[vpdp1170] kek TTY IRQ      TPS @ 177564 val=000200 unqueue vec=064 remaining=570
[vpdp1170] kek TTY IRQ      TPS @ 177564 val=000200 unqueue vec=064 remaining=569
[vpdp1170] kek TTY IRQ      TPS @ 177564 val=000200 unqueue vec=064 remaining=568
[vpdp1170] kek TTY IRQ      TPS @ 177564 val=000200 unqueue vec=064 remaining=567
[vpdp1170] kek TTY IRQ      TPS @ 177564 val=000200 unqueue vec=064 remaining=566
[vpdp1170] kek TTY IRQ      TPS @ 177564 val=000200 unqueue vec=064 remaining=565
[vpdp1170] kek TTY IRQ      TPS @ 177564 val=000200 unqueue vec=064 remaining=564
[vpdp1170] kek TTY IRQ      TPS @ 177564 val=000200 unqueue vec=064 remaining=563
[vpdp1170] kek TTY IRQ      TPS @ 177564 val=000200 unqueue vec=064 remaining=562
[vpdp1170] kek TTY IRQ      TPS @ 177564 val=000200 unqueue vec=064 remaining=561
[vpdp1170] kek TTY IRQ      TPS @ 177564 val=000200 unqueue vec=064 remaining=560
[vpdp1170] kek TTY IRQ      TPS @ 177564 val=000200 unqueue vec=064 remaining=559
[vpdp1170] kek TTY IRQ      TPS @ 177564 val=000200 unqueue vec=064 remaining=558
[vpdp1170] kek TTY IRQ      TPS @ 177564 val=000200 unqueue vec=064 remaining=557
[vpdp1170] kek TTY IRQ      TPS @ 177564 val=000200 unqueue vec=064 remaining=556
[vpdp1170] kek TTY IRQ      TPS @ 177564 val=000200 unqueue vec=064 remaining=555
[vpdp1170] kek TTY IRQ      TPS @ 177564 val=000200 unqueue vec=064 remaining=554
[vpdp1170] kek TTY IRQ      TPS @ 177564 val=000200 unqueue vec=064 remaining=553
[vpdp1170] kek TTY IRQ      TPS @ 177564 val=000200 unqueue vec=064 remaining=552
[vpdp1170] kek TTY IRQ      TPS @ 177564 val=000200 unqueue vec=064 remaining=551
[vpdp1170] kek TTY IRQ      TPS @ 177564 val=000200 unqueue vec=064 remaining=550
[vpdp1170] kek TTY IRQ      TPS @ 177564 val=000200 unqueue vec=064 remaining=549
[vpdp1170] kek TTY IRQ      TPS @ 177564 val=000200 unqueue vec=064 remaining=548
[vpdp1170] kek TTY IRQ      TPS @ 177564 val=000200 unqueue vec=064 remaining=547
[vpdp1170] kek TTY IRQ      TPS @ 177564 val=000200 unqueue vec=064 remaining=546
[vpdp1170] kek TTY IRQ      TPS @ 177564 val=000200 unqueue vec=064 remaining=545
[vpdp1170] kek TTY IRQ      TPS @ 177564 val=000200 unqueue vec=064 remaining=544
[vpdp1170] kek TTY IRQ      TPS @ 177564 val=000200 unqueue vec=064 remaining=543
[vpdp1170] kek TTY IRQ      TPS @ 177564 val=000200 unqueue vec=064 remaining=542
[vpdp1170] kek TTY IRQ      TPS @ 177564 val=000200 unqueue vec=064 remaining=541
[vpdp1170] kek TTY IRQ      TPS @ 177564 val=000200 unqueue vec=064 remaining=540
[vpdp1170] kek TTY IRQ      TPS @ 177564 val=000200 unqueue vec=064 remaining=539
[vpdp1170] kek TTY IRQ      TPS @ 177564 val=000200 unqueue vec=064 remaining=538
[vpdp1170] kek TTY IRQ      TPS @ 177564 val=000200 unqueue vec=064 remaining=537
[vpdp1170] kek TTY IRQ      TPS @ 177564 val=000200 unqueue vec=064 remaining=536
[vpdp1170] kek TTY IRQ      TPS @ 177564 val=000200 unqueue vec=064 remaining=535
[vpdp1170] kek TTY IRQ      TPS @ 177564 val=000200 unqueue vec=064 remaining=534
[vpdp1170] kek TTY IRQ      TPS @ 177564 val=000200 unqueue vec=064 remaining=533
[vpdp1170] kek TTY IRQ      TPS @ 177564 val=000200 unqueue vec=064 remaining=532
[vpdp1170] kek TTY IRQ      TPS @ 177564 val=000200 unqueue vec=064 remaining=531
[vpdp1170] kek TTY IRQ      TPS @ 177564 val=000200 unqueue vec=064 remaining=530
[vpdp1170] kek TTY IRQ      TPS @ 177564 val=000200 unqueue vec=064 remaining=529
[vpdp1170] kek TTY IRQ      TPS @ 177564 val=000200 unqueue vec=064 remaining=528
[vpdp1170] kek TTY IRQ      TPS @ 177564 val=000200 unqueue vec=064 remaining=527
[vpdp1170] kek TTY IRQ      TPS @ 177564 val=000200 unqueue vec=064 remaining=526
[vpdp1170] kek TTY IRQ      TPS @ 177564 val=000200 unqueue vec=064 remaining=525
[vpdp1170] kek TTY IRQ      TPS @ 177564 val=000200 unqueue vec=064 remaining=524
[vpdp1170] kek TTY IRQ      TPS @ 177564 val=000200 unqueue vec=064 remaining=523
[vpdp1170] kek TTY IRQ      TPS @ 177564 val=000200 unqueue vec=064 remaining=522
[vpdp1170] kek TTY IRQ      TPS @ 177564 val=000200 unqueue vec=064 remaining=521
[vpdp1170] kek TTY IRQ      TPS @ 177564 val=000200 unqueue vec=064 remaining=520
[vpdp1170] kek TTY IRQ      TPS @ 177564 val=000200 unqueue vec=064 remaining=519
[vpdp1170] kek TTY IRQ      TPS @ 177564 val=000200 unqueue vec=064 remaining=518
[vpdp1170] kek TTY IRQ      TPS @ 177564 val=000200 unqueue vec=064 remaining=517
[vpdp1170] kek TTY IRQ      TPS @ 177564 val=000200 unqueue vec=064 remaining=516
[vpdp1170] kek TTY IRQ      TPS @ 177564 val=000200 unqueue vec=064 remaining=515
[vpdp1170] kek TTY IRQ      TPS @ 177564 val=000200 unqueue vec=064 remaining=514
[vpdp1170] kek TTY IRQ      TPS @ 177564 val=000200 unqueue vec=064 remaining=513
[vpdp1170] kek TTY IRQ      TPS @ 177564 val=000200 unqueue vec=064 remaining=512
[vpdp1170] kek TTY IRQ      TPS @ 177564 val=000200 unqueue vec=064 remaining=511
[vpdp1170] kek TTY IRQ      TPS @ 177564 val=000200 unqueue vec=064 remaining=510
[vpdp1170] kek TTY IRQ      TPS @ 177564 val=000200 unqueue vec=064 remaining=509
[vpdp1170] kek TTY IRQ      TPS @ 177564 val=000200 unqueue vec=064 remaining=508
[vpdp1170] kek TTY IRQ      TPS @ 177564 val=000200 unqueue vec=064 remaining=507
[vpdp1170] kek TTY IRQ      TPS @ 177564 val=000200 unqueue vec=064 remaining=506
[vpdp1170] kek TTY IRQ      TPS @ 177564 val=000200 unqueue vec=064 remaining=505
[vpdp1170] kek TTY IRQ      TPS @ 177564 val=000200 unqueue vec=064 remaining=504
[vpdp1170] kek TTY IRQ      TPS @ 177564 val=000200 unqueue vec=064 remaining=503
[vpdp1170] kek TTY IRQ      TPS @ 177564 val=000200 unqueue vec=064 remaining=502
[vpdp1170] kek TTY IRQ      TPS @ 177564 val=000200 unqueue vec=064 remaining=501
[vpdp1170] kek TTY IRQ      TPS @ 177564 val=000200 unqueue vec=064 remaining=500
[vpdp1170] kek TTY IRQ      TPS @ 177564 val=000200 unqueue vec=064 remaining=499
[vpdp1170] kek TTY IRQ      TPS @ 177564 val=000200 unqueue vec=064 remaining=498
[vpdp1170] kek TTY IRQ      TPS @ 177564 val=000200 unqueue vec=064 remaining=497
[vpdp1170] kek TTY IRQ      TPS @ 177564 val=000200 unqueue vec=064 remaining=496
[vpdp1170] kek TTY IRQ      TPS @ 177564 val=000200 unqueue vec=064 remaining=495
[vpdp1170] kek TTY IRQ      TPS @ 177564 val=000200 unqueue vec=064 remaining=494
[vpdp1170] kek TTY IRQ      TPS @ 177564 val=000200 unqueue vec=064 remaining=493
[vpdp1170] kek TTY IRQ      TPS @ 177564 val=000200 unqueue vec=064 remaining=492
[vpdp1170] kek TTY IRQ      TPS @ 177564 val=000200 unqueue vec=064 remaining=491
[vpdp1170] kek TTY IRQ      TPS @ 177564 val=000200 unqueue vec=064 remaining=490
[vpdp1170] kek TTY IRQ      TPS @ 177564 val=000200 unqueue vec=064 remaining=489
[vpdp1170] kek TTY IRQ      TPS @ 177564 val=000200 unqueue vec=064 remaining=488
[vpdp1170] kek TTY IRQ      TPS @ 177564 val=000200 unqueue vec=064 remaining=487
.[vpdp1170] kek TTY IRQ      TPS @ 177564 val=000200 unqueue vec=064 remaining=486
[vpdp1170] kek TTY IRQ      TPS @ 177564 val=000200 unqueue vec=064 remaining=485
[vpdp1170] kek TTY IRQ      TPS @ 177564 val=000200 unqueue vec=064 remaining=484
[vpdp1170] kek TTY IRQ      TPS @ 177564 val=000200 unqueue vec=064 remaining=483
[vpdp1170] kek TTY IRQ      TPS @ 177564 val=000200 unqueue vec=064 remaining=482
[vpdp1170] kek TTY IRQ      TPS @ 177564 val=000200 unqueue vec=064 remaining=481
[vpdp1170] kek TTY IRQ      TPS @ 177564 val=000200 unqueue vec=064 remaining=480
[vpdp1170] kek TTY IRQ      TPS @ 177564 val=000200 unqueue vec=064 remaining=479
[vpdp1170] kek TTY IRQ      TPS @ 177564 val=000200 unqueue vec=064 remaining=478
[vpdp1170] kek TTY IRQ      TPS @ 177564 val=000200 unqueue vec=064 remaining=477
[vpdp1170] kek TTY IRQ      TPS @ 177564 val=000200 unqueue vec=064 remaining=476
[vpdp1170] kek TTY IRQ      TPS @ 177564 val=000200 unqueue vec=064 remaining=475
[vpdp1170] kek TTY IRQ      TPS @ 177564 val=000200 unqueue vec=064 remaining=474
[vpdp1170] kek TTY IRQ      TPS @ 177564 val=000200 unqueue vec=064 remaining=473
[vpdp1170] kek TTY IRQ      TPS @ 177564 val=000200 unqueue vec=064 remaining=472
[vpdp1170] kek TTY IRQ      TPS @ 177564 val=000200 unqueue vec=064 remaining=471
[vpdp1170] kek TTY IRQ      TPS @ 177564 val=000200 unqueue vec=064 remaining=470
[vpdp1170] kek TTY IRQ      TPS @ 177564 val=000200 unqueue vec=064 remaining=469
[vpdp1170] kek TTY IRQ      TPS @ 177564 val=000200 unqueue vec=064 remaining=468
[vpdp1170] kek TTY IRQ      TPS @ 177564 val=000200 unqueue vec=064 remaining=467
[vpdp1170] kek TTY IRQ      TPS @ 177564 val=000200 unqueue vec=064 remaining=466
[vpdp1170] kek TTY IRQ      TPS @ 177564 val=000200 unqueue vec=064 remaining=465
[vpdp1170] kek TTY IRQ      TPS @ 177564 val=000200 unqueue vec=064 remaining=464
[vpdp1170] kek TTY IRQ      TPS @ 177564 val=000200 unqueue vec=064 remaining=463
[vpdp1170] kek TTY IRQ      TPS @ 177564 val=000200 unqueue vec=064 remaining=462
[vpdp1170] kek TTY IRQ      TPS @ 177564 val=000200 unqueue vec=064 remaining=461
[vpdp1170] kek TTY IRQ      TPS @ 177564 val=000200 unqueue vec=064 remaining=460
[vpdp1170] kek TTY IRQ      TPS @ 177564 val=000200 unqueue vec=064 remaining=459
[vpdp1170] kek TTY IRQ      TPS @ 177564 val=000200 unqueue vec=064 remaining=458
[vpdp1170] kek TTY IRQ      TPS @ 177564 val=000200 unqueue vec=064 remaining=457
[vpdp1170] kek TTY IRQ      TPS @ 177564 val=000200 unqueue vec=064 remaining=456
[vpdp1170] kek TTY IRQ      TPS @ 177564 val=000200 unqueue vec=064 remaining=455
[vpdp1170] kek TTY IRQ      TPS @ 177564 val=000200 unqueue vec=064 remaining=454
[vpdp1170] kek TTY IRQ      TPS @ 177564 val=000200 unqueue vec=064 remaining=453
[vpdp1170] kek TTY IRQ      TPS @ 177564 val=000200 unqueue vec=064 remaining=452
[vpdp1170] kek TTY IRQ      TPS @ 177564 val=000200 unqueue vec=064 remaining=451
[vpdp1170] kek TTY IRQ      TPS @ 177564 val=000200 unqueue vec=064 remaining=450
[vpdp1170] kek TTY IRQ      TPS @ 177564 val=000200 unqueue vec=064 remaining=449
[vpdp1170] kek TTY IRQ      TPS @ 177564 val=000200 unqueue vec=064 remaining=448
[vpdp1170] kek TTY IRQ      TPS @ 177564 val=000200 unqueue vec=064 remaining=447
[vpdp1170] kek TTY IRQ      TPS @ 177564 val=000200 unqueue vec=064 remaining=446
[vpdp1170] kek TTY IRQ      TPS @ 177564 val=000200 unqueue vec=064 remaining=445
[vpdp1170] kek TTY IRQ      TPS @ 177564 val=000200 unqueue vec=064 remaining=444
[vpdp1170] kek TTY IRQ      TPS @ 177564 val=000200 unqueue vec=064 remaining=443
[vpdp1170] kek TTY IRQ      TPS @ 177564 val=000200 unqueue vec=064 remaining=442
[vpdp1170] kek TTY IRQ      TPS @ 177564 val=000200 unqueue vec=064 remaining=441
[vpdp1170] kek TTY IRQ      TPS @ 177564 val=000200 unqueue vec=064 remaining=440
[vpdp1170] kek TTY IRQ      TPS @ 177564 val=000200 unqueue vec=064 remaining=439
[vpdp1170] kek TTY IRQ      TPS @ 177564 val=000200 unqueue vec=064 remaining=438
[vpdp1170] kek TTY IRQ      TPS @ 177564 val=000200 unqueue vec=064 remaining=437
[vpdp1170] kek TTY IRQ      TPS @ 177564 val=000200 unqueue vec=064 remaining=436
[vpdp1170] kek TTY IRQ      TPS @ 177564 val=000200 unqueue vec=064 remaining=435
[vpdp1170] kek TTY IRQ      TPS @ 177564 val=000200 unqueue vec=064 remaining=434
[vpdp1170] kek TTY IRQ      TPS @ 177564 val=000200 unqueue vec=064 remaining=433
[vpdp1170] kek TTY IRQ      TPS @ 177564 val=000200 unqueue vec=064 remaining=432
[vpdp1170] kek TTY IRQ      TPS @ 177564 val=000200 unqueue vec=064 remaining=431
[vpdp1170] kek TTY IRQ      TPS @ 177564 val=000200 unqueue vec=064 remaining=430
[vpdp1170] kek TTY IRQ      TPS @ 177564 val=000200 unqueue vec=064 remaining=429
[vpdp1170] kek TTY IRQ      TPS @ 177564 val=000200 unqueue vec=064 remaining=428
[vpdp1170] kek TTY IRQ      TPS @ 177564 val=000200 unqueue vec=064 remaining=427
[vpdp1170] kek TTY IRQ      TPS @ 177564 val=000200 unqueue vec=064 remaining=426
[vpdp1170] kek TTY IRQ      TPS @ 177564 val=000200 unqueue vec=064 remaining=425
[vpdp1170] kek TTY IRQ      TPS @ 177564 val=000200 unqueue vec=064 remaining=424
[vpdp1170] kek TTY IRQ      TPS @ 177564 val=000200 unqueue vec=064 remaining=423
[vpdp1170] kek TTY IRQ      TPS @ 177564 val=000200 unqueue vec=064 remaining=422
[vpdp1170] kek TTY IRQ      TPS @ 177564 val=000200 unqueue vec=064 remaining=421
[vpdp1170] kek TTY IRQ      TPS @ 177564 val=000200 unqueue vec=064 remaining=420
[vpdp1170] kek TTY IRQ      TPS @ 177564 val=000200 unqueue vec=064 remaining=419
[vpdp1170] kek TTY IRQ      TPS @ 177564 val=000200 unqueue vec=064 remaining=418
[vpdp1170] kek TTY IRQ      TPS @ 177564 val=000200 unqueue vec=064 remaining=417
[vpdp1170] kek TTY IRQ      TPS @ 177564 val=000200 unqueue vec=064 remaining=416
[vpdp1170] kek TTY IRQ      TPS @ 177564 val=000200 unqueue vec=064 remaining=415
[vpdp1170] kek TTY IRQ      TPS @ 177564 val=000200 unqueue vec=064 remaining=414
[vpdp1170] kek TTY IRQ      TPS @ 177564 val=000200 unqueue vec=064 remaining=413
[vpdp1170] kek TTY IRQ      TPS @ 177564 val=000200 unqueue vec=064 remaining=412
[vpdp1170] kek TTY IRQ      TPS @ 177564 val=000200 unqueue vec=064 remaining=411
[vpdp1170] kek TTY IRQ      TPS @ 177564 val=000200 unqueue vec=064 remaining=410
[vpdp1170] kek TTY IRQ      TPS @ 177564 val=000200 unqueue vec=064 remaining=409
[vpdp1170] kek TTY IRQ      TPS @ 177564 val=000200 unqueue vec=064 remaining=408
[vpdp1170] kek TTY IRQ      TPS @ 177564 val=000200 unqueue vec=064 remaining=407
[vpdp1170] kek TTY IRQ      TPS @ 177564 val=000200 unqueue vec=064 remaining=406
[vpdp1170] kek TTY IRQ      TPS @ 177564 val=000200 unqueue vec=064 remaining=405
[vpdp1170] kek TTY IRQ      TPS @ 177564 val=000200 unqueue vec=064 remaining=404
[vpdp1170] kek TTY IRQ      TPS @ 177564 val=000200 unqueue vec=064 remaining=403
[vpdp1170] kek TTY IRQ      TPS @ 177564 val=000200 unqueue vec=064 remaining=402
[vpdp1170] kek TTY IRQ      TPS @ 177564 val=000200 unqueue vec=064 remaining=401
[vpdp1170] kek TTY IRQ      TPS @ 177564 val=000200 unqueue vec=064 remaining=400
[vpdp1170] kek TTY IRQ      TPS @ 177564 val=000200 unqueue vec=064 remaining=399
[vpdp1170] kek TTY IRQ      TPS @ 177564 val=000200 unqueue vec=064 remaining=398
[vpdp1170] kek TTY IRQ      TPS @ 177564 val=000200 unqueue vec=064 remaining=397
[vpdp1170] kek TTY IRQ      TPS @ 177564 val=000200 unqueue vec=064 remaining=396
[vpdp1170] kek TTY IRQ      TPS @ 177564 val=000200 unqueue vec=064 remaining=395
[vpdp1170] kek TTY IRQ      TPS @ 177564 val=000200 unqueue vec=064 remaining=394
[vpdp1170] kek TTY IRQ      TPS @ 177564 val=000200 unqueue vec=064 remaining=393
[vpdp1170] kek TTY IRQ      TPS @ 177564 val=000200 unqueue vec=064 remaining=392
[vpdp1170] kek TTY IRQ      TPS @ 177564 val=000200 unqueue vec=064 remaining=391
[vpdp1170] kek TTY IRQ      TPS @ 177564 val=000200 unqueue vec=064 remaining=390
[vpdp1170] kek TTY IRQ      TPS @ 177564 val=000200 unqueue vec=064 remaining=389
[vpdp1170] kek TTY IRQ      TPS @ 177564 val=000200 unqueue vec=064 remaining=388
[vpdp1170] kek TTY IRQ      TPS @ 177564 val=000200 unqueue vec=064 remaining=387
[vpdp1170] kek TTY IRQ      TPS @ 177564 val=000200 unqueue vec=064 remaining=386
[vpdp1170] kek TTY IRQ      TPS @ 177564 val=000200 unqueue vec=064 remaining=385
[vpdp1170] kek TTY IRQ      TPS @ 177564 val=000200 unqueue vec=064 remaining=384
[vpdp1170] kek TTY IRQ      TPS @ 177564 val=000200 unqueue vec=064 remaining=383
[vpdp1170] kek TTY IRQ      TPS @ 177564 val=000200 unqueue vec=064 remaining=382
[vpdp1170] kek TTY IRQ      TPS @ 177564 val=000200 unqueue vec=064 remaining=381
[vpdp1170] kek TTY IRQ      TPS @ 177564 val=000200 unqueue vec=064 remaining=380
[vpdp1170] kek TTY IRQ      TPS @ 177564 val=000200 unqueue vec=064 remaining=379
[vpdp1170] kek TTY IRQ      TPS @ 177564 val=000200 unqueue vec=064 remaining=378
[vpdp1170] kek TTY IRQ      TPS @ 177564 val=000200 unqueue vec=064 remaining=377
[vpdp1170] kek TTY IRQ      TPS @ 177564 val=000200 unqueue vec=064 remaining=376
[vpdp1170] kek TTY IRQ      TPS @ 177564 val=000200 unqueue vec=064 remaining=375
[vpdp1170] kek TTY IRQ      TPS @ 177564 val=000200 unqueue vec=064 remaining=374
[vpdp1170] kek TTY IRQ      TPS @ 177564 val=000200 unqueue vec=064 remaining=373
[vpdp1170] kek TTY IRQ      TPS @ 177564 val=000200 unqueue vec=064 remaining=372
[vpdp1170] kek TTY IRQ      TPS @ 177564 val=000200 unqueue vec=064 remaining=371
[vpdp1170] kek TTY IRQ      TPS @ 177564 val=000200 unqueue vec=064 remaining=370
[vpdp1170] kek TTY IRQ      TPS @ 177564 val=000200 unqueue vec=064 remaining=369
[vpdp1170] kek TTY IRQ      TPS @ 177564 val=000200 unqueue vec=064 remaining=368
[vpdp1170] kek TTY IRQ      TPS @ 177564 val=000200 unqueue vec=064 remaining=367
[vpdp1170] kek TTY IRQ      TPS @ 177564 val=000200 unqueue vec=064 remaining=366
[vpdp1170] kek TTY IRQ      TPS @ 177564 val=000200 unqueue vec=064 remaining=365
[vpdp1170] kek TTY IRQ      TPS @ 177564 val=000200 unqueue vec=064 remaining=364
[vpdp1170] kek TTY IRQ      TPS @ 177564 val=000200 unqueue vec=064 remaining=363
[vpdp1170] kek TTY IRQ      TPS @ 177564 val=000200 unqueue vec=064 remaining=362
[vpdp1170] kek TTY IRQ      TPS @ 177564 val=000200 unqueue vec=064 remaining=361
[vpdp1170] kek TTY IRQ      TPS @ 177564 val=000200 unqueue vec=064 remaining=360
[vpdp1170] kek TTY IRQ      TPS @ 177564 val=000200 unqueue vec=064 remaining=359
[vpdp1170] kek TTY IRQ      TPS @ 177564 val=000200 unqueue vec=064 remaining=358
[vpdp1170] kek TTY IRQ      TPS @ 177564 val=000200 unqueue vec=064 remaining=357
[vpdp1170] kek TTY IRQ      TPS @ 177564 val=000200 unqueue vec=064 remaining=356
[vpdp1170] kek TTY IRQ      TPS @ 177564 val=000200 unqueue vec=064 remaining=355
[vpdp1170] kek TTY IRQ      TPS @ 177564 val=000200 unqueue vec=064 remaining=354
[vpdp1170] kek TTY IRQ      TPS @ 177564 val=000200 unqueue vec=064 remaining=353
[vpdp1170] kek TTY IRQ      TPS @ 177564 val=000200 unqueue vec=064 remaining=352
[vpdp1170] kek TTY IRQ      TPS @ 177564 val=000200 unqueue vec=064 remaining=351
[vpdp1170] kek TTY IRQ      TPS @ 177564 val=000200 unqueue vec=064 remaining=350
[vpdp1170] kek TTY IRQ      TPS @ 177564 val=000200 unqueue vec=064 remaining=349
[vpdp1170] kek TTY IRQ      TPS @ 177564 val=000200 unqueue vec=064 remaining=348
[vpdp1170] kek TTY IRQ      TPS @ 177564 val=000200 unqueue vec=064 remaining=347
[vpdp1170] kek TTY IRQ      TPS @ 177564 val=000200 unqueue vec=064 remaining=346
[vpdp1170] kek TTY IRQ      TPS @ 177564 val=000200 unqueue vec=064 remaining=345
[vpdp1170] kek TTY IRQ      TPS @ 177564 val=000200 unqueue vec=064 remaining=344
[vpdp1170] kek TTY IRQ      TPS @ 177564 val=000200 unqueue vec=064 remaining=343
[vpdp1170] kek TTY IRQ      TPS @ 177564 val=000200 unqueue vec=064 remaining=342
[vpdp1170] kek TTY IRQ      TPS @ 177564 val=000200 unqueue vec=064 remaining=341
[vpdp1170] kek TTY IRQ      TPS @ 177564 val=000200 unqueue vec=064 remaining=340
[vpdp1170] kek TTY IRQ      TPS @ 177564 val=000200 unqueue vec=064 remaining=339
[vpdp1170] kek TTY IRQ      TPS @ 177564 val=000200 unqueue vec=064 remaining=338
[vpdp1170] kek TTY IRQ      TPS @ 177564 val=000200 unqueue vec=064 remaining=337
[vpdp1170] kek TTY IRQ      TPS @ 177564 val=000200 unqueue vec=064 remaining=336
[vpdp1170] kek TTY IRQ      TPS @ 177564 val=000200 unqueue vec=064 remaining=335
[vpdp1170] kek TTY IRQ      TPS @ 177564 val=000200 unqueue vec=064 remaining=334
[vpdp1170] kek TTY IRQ      TPS @ 177564 val=000200 unqueue vec=064 remaining=333
[vpdp1170] kek TTY IRQ      TPS @ 177564 val=000200 unqueue vec=064 remaining=332
[vpdp1170] kek TTY IRQ      TPS @ 177564 val=000200 unqueue vec=064 remaining=331
[vpdp1170] kek TTY IRQ      TPS @ 177564 val=000200 unqueue vec=064 remaining=330
[vpdp1170] kek TTY IRQ      TPS @ 177564 val=000200 unqueue vec=064 remaining=329
[vpdp1170] kek TTY IRQ      TPS @ 177564 val=000200 unqueue vec=064 remaining=328
[vpdp1170] kek TTY IRQ      TPS @ 177564 val=000200 unqueue vec=064 remaining=327
[vpdp1170] kek TTY IRQ      TPS @ 177564 val=000200 unqueue vec=064 remaining=326
[vpdp1170] kek TTY IRQ      TPS @ 177564 val=000200 unqueue vec=064 remaining=325
[vpdp1170] kek TTY IRQ      TPS @ 177564 val=000200 unqueue vec=064 remaining=324
[vpdp1170] kek TTY IRQ      TPS @ 177564 val=000200 unqueue vec=064 remaining=323
[vpdp1170] kek TTY IRQ      TPS @ 177564 val=000200 unqueue vec=064 remaining=322
[vpdp1170] kek TTY IRQ      TPS @ 177564 val=000200 unqueue vec=064 remaining=321
[vpdp1170] kek TTY IRQ      TPS @ 177564 val=000200 unqueue vec=064 remaining=320
[vpdp1170] kek TTY IRQ      TPS @ 177564 val=000200 unqueue vec=064 remaining=319
[vpdp1170] kek TTY IRQ      TPS @ 177564 val=000200 unqueue vec=064 remaining=318
[vpdp1170] kek TTY IRQ      TPS @ 177564 val=000200 unqueue vec=064 remaining=317
[vpdp1170] kek TTY IRQ      TPS @ 177564 val=000200 unqueue vec=064 remaining=316
[vpdp1170] kek TTY IRQ      TPS @ 177564 val=000200 unqueue vec=064 remaining=315
[vpdp1170] kek TTY IRQ      TPS @ 177564 val=000200 unqueue vec=064 remaining=314
[vpdp1170] kek TTY IRQ      TPS @ 177564 val=000200 unqueue vec=064 remaining=313
[vpdp1170] kek TTY IRQ      TPS @ 177564 val=000200 unqueue vec=064 remaining=312
[vpdp1170] kek TTY IRQ      TPS @ 177564 val=000200 unqueue vec=064 remaining=311
[vpdp1170] kek TTY IRQ      TPS @ 177564 val=000200 unqueue vec=064 remaining=310
[vpdp1170] kek TTY IRQ      TPS @ 177564 val=000200 unqueue vec=064 remaining=309
[vpdp1170] kek TTY IRQ      TPS @ 177564 val=000200 unqueue vec=064 remaining=308
[vpdp1170] kek TTY IRQ      TPS @ 177564 val=000200 unqueue vec=064 remaining=307
[vpdp1170] kek TTY IRQ      TPS @ 177564 val=000200 unqueue vec=064 remaining=306
[vpdp1170] kek TTY IRQ      TPS @ 177564 val=000200 unqueue vec=064 remaining=305
[vpdp1170] kek TTY IRQ      TPS @ 177564 val=000200 unqueue vec=064 remaining=304
[vpdp1170] kek TTY IRQ      TPS @ 177564 val=000200 unqueue vec=064 remaining=303
[vpdp1170] kek TTY IRQ      TPS @ 177564 val=000200 unqueue vec=064 remaining=302
[vpdp1170] kek TTY IRQ      TPS @ 177564 val=000200 unqueue vec=064 remaining=301
[vpdp1170] kek TTY IRQ      TPS @ 177564 val=000200 unqueue vec=064 remaining=300
[vpdp1170] kek TTY IRQ      TPS @ 177564 val=000200 unqueue vec=064 remaining=299
[vpdp1170] kek TTY IRQ      TPS @ 177564 val=000200 unqueue vec=064 remaining=298
[vpdp1170] kek TTY IRQ      TPS @ 177564 val=000200 unqueue vec=064 remaining=297
[vpdp1170] kek TTY IRQ      TPS @ 177564 val=000200 unqueue vec=064 remaining=296
[vpdp1170] kek TTY IRQ      TPS @ 177564 val=000200 unqueue vec=064 remaining=295
[vpdp1170] kek TTY IRQ      TPS @ 177564 val=000200 unqueue vec=064 remaining=294
[vpdp1170] kek TTY IRQ      TPS @ 177564 val=000200 unqueue vec=064 remaining=293
[vpdp1170] kek TTY IRQ      TPS @ 177564 val=000200 unqueue vec=064 remaining=292
[vpdp1170] kek TTY IRQ      TPS @ 177564 val=000200 unqueue vec=064 remaining=291
[vpdp1170] kek TTY IRQ      TPS @ 177564 val=000200 unqueue vec=064 remaining=290
[vpdp1170] kek TTY IRQ      TPS @ 177564 val=000200 unqueue vec=064 remaining=289
[vpdp1170] kek TTY IRQ      TPS @ 177564 val=000200 unqueue vec=064 remaining=288
[vpdp1170] kek TTY IRQ      TPS @ 177564 val=000200 unqueue vec=064 remaining=287
[vpdp1170] kek TTY IRQ      TPS @ 177564 val=000200 unqueue vec=064 remaining=286
[vpdp1170] kek TTY IRQ      TPS @ 177564 val=000200 unqueue vec=064 remaining=285
[vpdp1170] kek TTY IRQ      TPS @ 177564 val=000200 unqueue vec=064 remaining=284
[vpdp1170] kek TTY IRQ      TPS @ 177564 val=000200 unqueue vec=064 remaining=283
[vpdp1170] kek TTY IRQ      TPS @ 177564 val=000200 unqueue vec=064 remaining=282
[vpdp1170] kek TTY IRQ      TPS @ 177564 val=000200 unqueue vec=064 remaining=281
[vpdp1170] kek TTY IRQ      TPS @ 177564 val=000200 unqueue vec=064 remaining=280
[vpdp1170] kek TTY IRQ      TPS @ 177564 val=000200 unqueue vec=064 remaining=279
[vpdp1170] kek TTY IRQ      TPS @ 177564 val=000200 unqueue vec=064 remaining=278
[vpdp1170] kek TTY IRQ      TPS @ 177564 val=000200 unqueue vec=064 remaining=277
[vpdp1170] kek TTY IRQ      TPS @ 177564 val=000200 unqueue vec=064 remaining=276
[vpdp1170] kek TTY IRQ      TPS @ 177564 val=000200 unqueue vec=064 remaining=275
[vpdp1170] kek TTY IRQ      TPS @ 177564 val=000200 unqueue vec=064 remaining=274
[vpdp1170] kek TTY IRQ      TPS @ 177564 val=000200 unqueue vec=064 remaining=273
[vpdp1170] kek TTY IRQ      TPS @ 177564 val=000200 unqueue vec=064 remaining=272
[vpdp1170] kek TTY IRQ      TPS @ 177564 val=000200 unqueue vec=064 remaining=271
[vpdp1170] kek TTY IRQ      TPS @ 177564 val=000200 unqueue vec=064 remaining=270
[vpdp1170] kek TTY IRQ      TPS @ 177564 val=000200 unqueue vec=064 remaining=269
[vpdp1170] kek TTY IRQ      TPS @ 177564 val=000200 unqueue vec=064 remaining=268
[vpdp1170] kek TTY IRQ      TPS @ 177564 val=000200 unqueue vec=064 remaining=267
[vpdp1170] kek TTY IRQ      TPS @ 177564 val=000200 unqueue vec=064 remaining=266
[vpdp1170] kek TTY IRQ      TPS @ 177564 val=000200 unqueue vec=064 remaining=265
[vpdp1170] kek TTY IRQ      TPS @ 177564 val=000200 unqueue vec=064 remaining=264
[vpdp1170] kek TTY IRQ      TPS @ 177564 val=000200 unqueue vec=064 remaining=263
[vpdp1170] kek TTY IRQ      TPS @ 177564 val=000200 unqueue vec=064 remaining=262
[vpdp1170] kek TTY IRQ      TPS @ 177564 val=000200 unqueue vec=064 remaining=261
[vpdp1170] kek TTY IRQ      TPS @ 177564 val=000200 unqueue vec=064 remaining=260
[vpdp1170] kek TTY IRQ      TPS @ 177564 val=000200 unqueue vec=064 remaining=259
[vpdp1170] kek TTY IRQ      TPS @ 177564 val=000200 unqueue vec=064 remaining=258
[vpdp1170] kek TTY IRQ      TPS @ 177564 val=000200 unqueue vec=064 remaining=257
[vpdp1170] kek TTY IRQ      TPS @ 177564 val=000200 unqueue vec=064 remaining=256
[vpdp1170] kek TTY IRQ      TPS @ 177564 val=000200 unqueue vec=064 remaining=255
[vpdp1170] kek TTY IRQ      TPS @ 177564 val=000200 unqueue vec=064 remaining=254
[vpdp1170] kek TTY IRQ      TPS @ 177564 val=000200 unqueue vec=064 remaining=253
[vpdp1170] kek TTY IRQ      TPS @ 177564 val=000200 unqueue vec=064 remaining=252
[vpdp1170] kek TTY IRQ      TPS @ 177564 val=000200 unqueue vec=064 remaining=251
[vpdp1170] kek TTY IRQ      TPS @ 177564 val=000200 unqueue vec=064 remaining=250
[vpdp1170] kek TTY IRQ      TPS @ 177564 val=000200 unqueue vec=064 remaining=249
[vpdp1170] kek TTY IRQ      TPS @ 177564 val=000200 unqueue vec=064 remaining=248
[vpdp1170] kek TTY IRQ      TPS @ 177564 val=000200 unqueue vec=064 remaining=247
[vpdp1170] kek TTY IRQ      TPS @ 177564 val=000200 unqueue vec=064 remaining=246
[vpdp1170] kek TTY IRQ      TPS @ 177564 val=000200 unqueue vec=064 remaining=245
[vpdp1170] kek TTY IRQ      TPS @ 177564 val=000200 unqueue vec=064 remaining=244
[vpdp1170] kek TTY IRQ      TPS @ 177564 val=000200 unqueue vec=064 remaining=243
[vpdp1170] kek TTY IRQ      TPS @ 177564 val=000200 unqueue vec=064 remaining=242
[vpdp1170] kek TTY IRQ      TPS @ 177564 val=000200 unqueue vec=064 remaining=241
[vpdp1170] kek TTY IRQ      TPS @ 177564 val=000200 unqueue vec=064 remaining=240
[vpdp1170] kek TTY IRQ      TPS @ 177564 val=000200 unqueue vec=064 remaining=239
.[vpdp1170] kek TTY IRQ      TPS @ 177564 val=000200 unqueue vec=064 remaining=238
[vpdp1170] kek TTY IRQ      TPS @ 177564 val=000200 unqueue vec=064 remaining=237
[vpdp1170] kek TTY IRQ      TPS @ 177564 val=000200 unqueue vec=064 remaining=236
[vpdp1170] kek TTY IRQ      TPS @ 177564 val=000200 unqueue vec=064 remaining=235
[vpdp1170] kek TTY IRQ      TPS @ 177564 val=000200 unqueue vec=064 remaining=234
[vpdp1170] kek TTY IRQ      TPS @ 177564 val=000200 unqueue vec=064 remaining=233
[vpdp1170] kek TTY IRQ      TPS @ 177564 val=000200 unqueue vec=064 remaining=232
[vpdp1170] kek TTY IRQ      TPS @ 177564 val=000200 unqueue vec=064 remaining=231
[vpdp1170] kek TTY IRQ      TPS @ 177564 val=000200 unqueue vec=064 remaining=230
[vpdp1170] kek TTY IRQ      TPS @ 177564 val=000200 unqueue vec=064 remaining=229
[vpdp1170] kek TTY IRQ      TPS @ 177564 val=000200 unqueue vec=064 remaining=228
[vpdp1170] kek TTY IRQ      TPS @ 177564 val=000200 unqueue vec=064 remaining=227
[vpdp1170] kek TTY IRQ      TPS @ 177564 val=000200 unqueue vec=064 remaining=226
[vpdp1170] kek TTY IRQ      TPS @ 177564 val=000200 unqueue vec=064 remaining=225
[vpdp1170] kek TTY IRQ      TPS @ 177564 val=000200 unqueue vec=064 remaining=224
[vpdp1170] kek TTY IRQ      TPS @ 177564 val=000200 unqueue vec=064 remaining=223
[vpdp1170] kek TTY IRQ      TPS @ 177564 val=000200 unqueue vec=064 remaining=222
[vpdp1170] kek TTY IRQ      TPS @ 177564 val=000200 unqueue vec=064 remaining=221
[vpdp1170] kek TTY IRQ      TPS @ 177564 val=000200 unqueue vec=064 remaining=220
[vpdp1170] kek TTY IRQ      TPS @ 177564 val=000200 unqueue vec=064 remaining=219
[vpdp1170] kek TTY IRQ      TPS @ 177564 val=000200 unqueue vec=064 remaining=218
[vpdp1170] kek TTY IRQ      TPS @ 177564 val=000200 unqueue vec=064 remaining=217
[vpdp1170] kek TTY IRQ      TPS @ 177564 val=000200 unqueue vec=064 remaining=216
[vpdp1170] kek TTY IRQ      TPS @ 177564 val=000200 unqueue vec=064 remaining=215
[vpdp1170] kek TTY IRQ      TPS @ 177564 val=000200 unqueue vec=064 remaining=214
[vpdp1170] kek TTY IRQ      TPS @ 177564 val=000200 unqueue vec=064 remaining=213
[vpdp1170] kek TTY IRQ      TPS @ 177564 val=000200 unqueue vec=064 remaining=212
[vpdp1170] kek TTY IRQ      TPS @ 177564 val=000200 unqueue vec=064 remaining=211
[vpdp1170] kek TTY IRQ      TPS @ 177564 val=000200 unqueue vec=064 remaining=210
[vpdp1170] kek TTY IRQ      TPS @ 177564 val=000200 unqueue vec=064 remaining=209
[vpdp1170] kek TTY IRQ      TPS @ 177564 val=000200 unqueue vec=064 remaining=208
[vpdp1170] kek TTY IRQ      TPS @ 177564 val=000200 unqueue vec=064 remaining=207
[vpdp1170] kek TTY IRQ      TPS @ 177564 val=000200 unqueue vec=064 remaining=206
[vpdp1170] kek TTY IRQ      TPS @ 177564 val=000200 unqueue vec=064 remaining=205
[vpdp1170] kek TTY IRQ      TPS @ 177564 val=000200 unqueue vec=064 remaining=204
[vpdp1170] kek TTY IRQ      TPS @ 177564 val=000200 unqueue vec=064 remaining=203
[vpdp1170] kek TTY IRQ      TPS @ 177564 val=000200 unqueue vec=064 remaining=202
[vpdp1170] kek TTY IRQ      TPS @ 177564 val=000200 unqueue vec=064 remaining=201
[vpdp1170] kek TTY IRQ      TPS @ 177564 val=000200 unqueue vec=064 remaining=200
[vpdp1170] kek TTY IRQ      TPS @ 177564 val=000200 unqueue vec=064 remaining=199
[vpdp1170] kek TTY IRQ      TPS @ 177564 val=000200 unqueue vec=064 remaining=198
[vpdp1170] kek TTY IRQ      TPS @ 177564 val=000200 unqueue vec=064 remaining=197
[vpdp1170] kek TTY IRQ      TPS @ 177564 val=000200 unqueue vec=064 remaining=196
[vpdp1170] kek TTY IRQ      TPS @ 177564 val=000200 unqueue vec=064 remaining=195
[vpdp1170] kek TTY IRQ      TPS @ 177564 val=000200 unqueue vec=064 remaining=194
[vpdp1170] kek TTY IRQ      TPS @ 177564 val=000200 unqueue vec=064 remaining=193
[vpdp1170] kek TTY IRQ      TPS @ 177564 val=000200 unqueue vec=064 remaining=192
[vpdp1170] kek TTY IRQ      TPS @ 177564 val=000200 unqueue vec=064 remaining=191
[vpdp1170] kek TTY IRQ      TPS @ 177564 val=000200 unqueue vec=064 remaining=190
[vpdp1170] kek TTY IRQ      TPS @ 177564 val=000200 unqueue vec=064 remaining=189
[vpdp1170] kek TTY IRQ      TPS @ 177564 val=000200 unqueue vec=064 remaining=188
[vpdp1170] kek TTY IRQ      TPS @ 177564 val=000200 unqueue vec=064 remaining=187
[vpdp1170] kek TTY IRQ      TPS @ 177564 val=000200 unqueue vec=064 remaining=186
[vpdp1170] kek TTY IRQ      TPS @ 177564 val=000200 unqueue vec=064 remaining=185
[vpdp1170] kek TTY IRQ      TPS @ 177564 val=000200 unqueue vec=064 remaining=184
[vpdp1170] kek TTY IRQ      TPS @ 177564 val=000200 unqueue vec=064 remaining=183
[vpdp1170] kek TTY IRQ      TPS @ 177564 val=000200 unqueue vec=064 remaining=182
[vpdp1170] kek TTY IRQ      TPS @ 177564 val=000200 unqueue vec=064 remaining=181
[vpdp1170] kek TTY IRQ      TPS @ 177564 val=000200 unqueue vec=064 remaining=180
[vpdp1170] kek TTY IRQ      TPS @ 177564 val=000200 unqueue vec=064 remaining=179
[vpdp1170] kek TTY IRQ      TPS @ 177564 val=000200 unqueue vec=064 remaining=178
[vpdp1170] kek TTY IRQ      TPS @ 177564 val=000200 unqueue vec=064 remaining=177
[vpdp1170] kek TTY IRQ      TPS @ 177564 val=000200 unqueue vec=064 remaining=176
[vpdp1170] kek TTY IRQ      TPS @ 177564 val=000200 unqueue vec=064 remaining=175
[vpdp1170] kek TTY IRQ      TPS @ 177564 val=000200 unqueue vec=064 remaining=174
[vpdp1170] kek TTY IRQ      TPS @ 177564 val=000200 unqueue vec=064 remaining=173
[vpdp1170] kek TTY IRQ      TPS @ 177564 val=000200 unqueue vec=064 remaining=172
[vpdp1170] kek TTY IRQ      TPS @ 177564 val=000200 unqueue vec=064 remaining=171
[vpdp1170] kek TTY IRQ      TPS @ 177564 val=000200 unqueue vec=064 remaining=170
[vpdp1170] kek TTY IRQ      TPS @ 177564 val=000200 unqueue vec=064 remaining=169
[vpdp1170] kek TTY IRQ      TPS @ 177564 val=000200 unqueue vec=064 remaining=168
[vpdp1170] kek TTY IRQ      TPS @ 177564 val=000200 unqueue vec=064 remaining=167
[vpdp1170] kek TTY IRQ      TPS @ 177564 val=000200 unqueue vec=064 remaining=166
[vpdp1170] kek TTY IRQ      TPS @ 177564 val=000200 unqueue vec=064 remaining=165
[vpdp1170] kek TTY IRQ      TPS @ 177564 val=000200 unqueue vec=064 remaining=164
[vpdp1170] kek TTY IRQ      TPS @ 177564 val=000200 unqueue vec=064 remaining=163
[vpdp1170] kek TTY IRQ      TPS @ 177564 val=000200 unqueue vec=064 remaining=162
[vpdp1170] kek TTY IRQ      TPS @ 177564 val=000200 unqueue vec=064 remaining=161
[vpdp1170] kek TTY IRQ      TPS @ 177564 val=000200 unqueue vec=064 remaining=160
[vpdp1170] kek TTY IRQ      TPS @ 177564 val=000200 unqueue vec=064 remaining=159
[vpdp1170] kek TTY IRQ      TPS @ 177564 val=000200 unqueue vec=064 remaining=158
[vpdp1170] kek TTY IRQ      TPS @ 177564 val=000200 unqueue vec=064 remaining=157
[vpdp1170] kek TTY IRQ      TPS @ 177564 val=000200 unqueue vec=064 remaining=156
[vpdp1170] kek TTY IRQ      TPS @ 177564 val=000200 unqueue vec=064 remaining=155
[vpdp1170] kek TTY IRQ      TPS @ 177564 val=000200 unqueue vec=064 remaining=154
[vpdp1170] kek TTY IRQ      TPS @ 177564 val=000200 unqueue vec=064 remaining=153
[vpdp1170] kek TTY IRQ      TPS @ 177564 val=000200 unqueue vec=064 remaining=152
[vpdp1170] kek TTY IRQ      TPS @ 177564 val=000200 unqueue vec=064 remaining=151
[vpdp1170] kek TTY IRQ      TPS @ 177564 val=000200 unqueue vec=064 remaining=150
[vpdp1170] kek TTY IRQ      TPS @ 177564 val=000200 unqueue vec=064 remaining=149
[vpdp1170] kek TTY IRQ      TPS @ 177564 val=000200 unqueue vec=064 remaining=148
[vpdp1170] kek TTY IRQ      TPS @ 177564 val=000200 unqueue vec=064 remaining=147
[vpdp1170] kek TTY IRQ      TPS @ 177564 val=000200 unqueue vec=064 remaining=146
[vpdp1170] kek TTY IRQ      TPS @ 177564 val=000200 unqueue vec=064 remaining=145
[vpdp1170] kek TTY IRQ      TPS @ 177564 val=000200 unqueue vec=064 remaining=144
[vpdp1170] kek TTY IRQ      TPS @ 177564 val=000200 unqueue vec=064 remaining=143
[vpdp1170] kek TTY IRQ      TPS @ 177564 val=000200 unqueue vec=064 remaining=142
[vpdp1170] kek TTY IRQ      TPS @ 177564 val=000200 unqueue vec=064 remaining=141
[vpdp1170] kek TTY IRQ      TPS @ 177564 val=000200 unqueue vec=064 remaining=140
[vpdp1170] kek TTY IRQ      TPS @ 177564 val=000200 unqueue vec=064 remaining=139
[vpdp1170] kek TTY IRQ      TPS @ 177564 val=000200 unqueue vec=064 remaining=138
[vpdp1170] kek TTY IRQ      TPS @ 177564 val=000200 unqueue vec=064 remaining=137
[vpdp1170] kek TTY IRQ      TPS @ 177564 val=000200 unqueue vec=064 remaining=136
[vpdp1170] kek TTY IRQ      TPS @ 177564 val=000200 unqueue vec=064 remaining=135
[vpdp1170] kek TTY IRQ      TPS @ 177564 val=000200 unqueue vec=064 remaining=134
[vpdp1170] kek TTY IRQ      TPS @ 177564 val=000200 unqueue vec=064 remaining=133
[vpdp1170] kek TTY IRQ      TPS @ 177564 val=000200 unqueue vec=064 remaining=132
[vpdp1170] kek TTY IRQ      TPS @ 177564 val=000200 unqueue vec=064 remaining=131
[vpdp1170] kek TTY IRQ      TPS @ 177564 val=000200 unqueue vec=064 remaining=130
[vpdp1170] kek TTY IRQ      TPS @ 177564 val=000200 unqueue vec=064 remaining=129
[vpdp1170] kek TTY IRQ      TPS @ 177564 val=000200 unqueue vec=064 remaining=128
[vpdp1170] kek TTY IRQ      TPS @ 177564 val=000200 unqueue vec=064 remaining=127
[vpdp1170] kek TTY IRQ      TPS @ 177564 val=000200 unqueue vec=064 remaining=126
[vpdp1170] kek TTY IRQ      TPS @ 177564 val=000200 unqueue vec=064 remaining=125
[vpdp1170] kek TTY IRQ      TPS @ 177564 val=000200 unqueue vec=064 remaining=124
[vpdp1170] kek TTY IRQ      TPS @ 177564 val=000200 unqueue vec=064 remaining=123
[vpdp1170] kek TTY IRQ      TPS @ 177564 val=000200 unqueue vec=064 remaining=122
[vpdp1170] kek TTY IRQ      TPS @ 177564 val=000200 unqueue vec=064 remaining=121
[vpdp1170] kek TTY IRQ      TPS @ 177564 val=000200 unqueue vec=064 remaining=120
[vpdp1170] kek TTY IRQ      TPS @ 177564 val=000200 unqueue vec=064 remaining=119
[vpdp1170] kek TTY IRQ      TPS @ 177564 val=000200 unqueue vec=064 remaining=118
[vpdp1170] kek TTY IRQ      TPS @ 177564 val=000200 unqueue vec=064 remaining=117
[vpdp1170] kek TTY IRQ      TPS @ 177564 val=000200 unqueue vec=064 remaining=116
[vpdp1170] kek TTY IRQ      TPS @ 177564 val=000200 unqueue vec=064 remaining=115
[vpdp1170] kek TTY IRQ      TPS @ 177564 val=000200 unqueue vec=064 remaining=114
[vpdp1170] kek TTY IRQ      TPS @ 177564 val=000200 unqueue vec=064 remaining=113
[vpdp1170] kek TTY IRQ      TPS @ 177564 val=000200 unqueue vec=064 remaining=112
[vpdp1170] kek TTY IRQ      TPS @ 177564 val=000200 unqueue vec=064 remaining=111
[vpdp1170] kek TTY IRQ      TPS @ 177564 val=000200 unqueue vec=064 remaining=110
[vpdp1170] kek TTY IRQ      TPS @ 177564 val=000200 unqueue vec=064 remaining=109
[vpdp1170] kek TTY IRQ      TPS @ 177564 val=000200 unqueue vec=064 remaining=108
[vpdp1170] kek TTY IRQ      TPS @ 177564 val=000200 unqueue vec=064 remaining=107
[vpdp1170] kek TTY IRQ      TPS @ 177564 val=000200 unqueue vec=064 remaining=106
[vpdp1170] kek TTY IRQ      TPS @ 177564 val=000200 unqueue vec=064 remaining=105
[vpdp1170] kek TTY IRQ      TPS @ 177564 val=000200 unqueue vec=064 remaining=104
[vpdp1170] kek TTY IRQ      TPS @ 177564 val=000200 unqueue vec=064 remaining=103
[vpdp1170] kek TTY IRQ      TPS @ 177564 val=000200 unqueue vec=064 remaining=102
[vpdp1170] kek TTY IRQ      TPS @ 177564 val=000200 unqueue vec=064 remaining=101
[vpdp1170] kek TTY IRQ      TPS @ 177564 val=000200 unqueue vec=064 remaining=100
[vpdp1170] kek TTY IRQ      TPS @ 177564 val=000200 unqueue vec=064 remaining=99
[vpdp1170] kek TTY IRQ      TPS @ 177564 val=000200 unqueue vec=064 remaining=98
[vpdp1170] kek TTY IRQ      TPS @ 177564 val=000200 unqueue vec=064 remaining=97
[vpdp1170] kek TTY IRQ      TPS @ 177564 val=000200 unqueue vec=064 remaining=96
[vpdp1170] kek TTY IRQ      TPS @ 177564 val=000200 unqueue vec=064 remaining=95
[vpdp1170] kek TTY IRQ      TPS @ 177564 val=000200 unqueue vec=064 remaining=94
[vpdp1170] kek TTY IRQ      TPS @ 177564 val=000200 unqueue vec=064 remaining=93
[vpdp1170] kek TTY IRQ      TPS @ 177564 val=000200 unqueue vec=064 remaining=92
[vpdp1170] kek TTY IRQ      TPS @ 177564 val=000200 unqueue vec=064 remaining=91
[vpdp1170] kek TTY IRQ      TPS @ 177564 val=000200 unqueue vec=064 remaining=90
[vpdp1170] kek TTY IRQ      TPS @ 177564 val=000200 unqueue vec=064 remaining=89
[vpdp1170] kek TTY IRQ      TPS @ 177564 val=000200 unqueue vec=064 remaining=88
[vpdp1170] kek TTY IRQ      TPS @ 177564 val=000200 unqueue vec=064 remaining=87
[vpdp1170] kek TTY IRQ      TPS @ 177564 val=000200 unqueue vec=064 remaining=86
[vpdp1170] kek TTY IRQ      TPS @ 177564 val=000200 unqueue vec=064 remaining=85
[vpdp1170] kek TTY IRQ      TPS @ 177564 val=000200 unqueue vec=064 remaining=84
[vpdp1170] kek TTY IRQ      TPS @ 177564 val=000200 unqueue vec=064 remaining=83
[vpdp1170] kek TTY IRQ      TPS @ 177564 val=000200 unqueue vec=064 remaining=82
[vpdp1170] kek TTY IRQ      TPS @ 177564 val=000200 unqueue vec=064 remaining=81
[vpdp1170] kek TTY IRQ      TPS @ 177564 val=000200 unqueue vec=064 remaining=80
[vpdp1170] kek TTY IRQ      TPS @ 177564 val=000200 unqueue vec=064 remaining=79
[vpdp1170] kek TTY IRQ      TPS @ 177564 val=000200 unqueue vec=064 remaining=78
[vpdp1170] kek TTY IRQ      TPS @ 177564 val=000200 unqueue vec=064 remaining=77
[vpdp1170] kek TTY IRQ      TPS @ 177564 val=000200 unqueue vec=064 remaining=76
[vpdp1170] kek TTY IRQ      TPS @ 177564 val=000200 unqueue vec=064 remaining=75
[vpdp1170] kek TTY IRQ      TPS @ 177564 val=000200 unqueue vec=064 remaining=74
[vpdp1170] kek TTY IRQ      TPS @ 177564 val=000200 unqueue vec=064 remaining=73
[vpdp1170] kek TTY IRQ      TPS @ 177564 val=000200 unqueue vec=064 remaining=72
[vpdp1170] kek TTY IRQ      TPS @ 177564 val=000200 unqueue vec=064 remaining=71
[vpdp1170] kek TTY IRQ      TPS @ 177564 val=000200 unqueue vec=064 remaining=70
[vpdp1170] kek TTY IRQ      TPS @ 177564 val=000200 unqueue vec=064 remaining=69
[vpdp1170] kek TTY IRQ      TPS @ 177564 val=000200 unqueue vec=064 remaining=68
[vpdp1170] kek TTY IRQ      TPS @ 177564 val=000200 unqueue vec=064 remaining=67
[vpdp1170] kek TTY IRQ      TPS @ 177564 val=000200 unqueue vec=064 remaining=66
[vpdp1170] kek TTY IRQ      TPS @ 177564 val=000200 unqueue vec=064 remaining=65
[vpdp1170] kek TTY IRQ      TPS @ 177564 val=000200 unqueue vec=064 remaining=64
[vpdp1170] kek TTY IRQ      TPS @ 177564 val=000200 unqueue vec=064 remaining=63
[vpdp1170] kek TTY IRQ      TPS @ 177564 val=000200 unqueue vec=064 remaining=62
[vpdp1170] kek TTY IRQ      TPS @ 177564 val=000200 unqueue vec=064 remaining=61
[vpdp1170] kek TTY IRQ      TPS @ 177564 val=000200 unqueue vec=064 remaining=60
[vpdp1170] kek TTY IRQ      TPS @ 177564 val=000200 unqueue vec=064 remaining=59
[vpdp1170] kek TTY IRQ      TPS @ 177564 val=000200 unqueue vec=064 remaining=58
[vpdp1170] kek TTY IRQ      TPS @ 177564 val=000200 unqueue vec=064 remaining=57
[vpdp1170] kek TTY IRQ      TPS @ 177564 val=000200 unqueue vec=064 remaining=56
[vpdp1170] kek TTY IRQ      TPS @ 177564 val=000200 unqueue vec=064 remaining=55
[vpdp1170] kek TTY IRQ      TPS @ 177564 val=000200 unqueue vec=064 remaining=54
[vpdp1170] kek TTY IRQ      TPS @ 177564 val=000200 unqueue vec=064 remaining=53
[vpdp1170] kek TTY IRQ      TPS @ 177564 val=000200 unqueue vec=064 remaining=52
[vpdp1170] kek TTY IRQ      TPS @ 177564 val=000200 unqueue vec=064 remaining=51
[vpdp1170] kek TTY IRQ      TPS @ 177564 val=000200 unqueue vec=064 remaining=50
[vpdp1170] kek TTY IRQ      TPS @ 177564 val=000200 unqueue vec=064 remaining=49
[vpdp1170] kek TTY IRQ      TPS @ 177564 val=000200 unqueue vec=064 remaining=48
[vpdp1170] kek TTY IRQ      TPS @ 177564 val=000200 unqueue vec=064 remaining=47
[vpdp1170] kek TTY IRQ      TPS @ 177564 val=000200 unqueue vec=064 remaining=46
[vpdp1170] kek TTY IRQ      TPS @ 177564 val=000200 unqueue vec=064 remaining=45
[vpdp1170] kek TTY IRQ      TPS @ 177564 val=000200 unqueue vec=064 remaining=44
[vpdp1170] kek TTY IRQ      TPS @ 177564 val=000200 unqueue vec=064 remaining=43
[vpdp1170] kek TTY IRQ      TPS @ 177564 val=000200 unqueue vec=064 remaining=42
[vpdp1170] kek TTY IRQ      TPS @ 177564 val=000200 unqueue vec=064 remaining=41
[vpdp1170] kek TTY IRQ      TPS @ 177564 val=000200 unqueue vec=064 remaining=40
[vpdp1170] kek TTY IRQ      TPS @ 177564 val=000200 unqueue vec=064 remaining=39
[vpdp1170] kek TTY IRQ      TPS @ 177564 val=000200 unqueue vec=064 remaining=38
[vpdp1170] kek TTY IRQ      TPS @ 177564 val=000200 unqueue vec=064 remaining=37
[vpdp1170] kek TTY IRQ      TPS @ 177564 val=000200 unqueue vec=064 remaining=36
[vpdp1170] kek TTY IRQ      TPS @ 177564 val=000200 unqueue vec=064 remaining=35
[vpdp1170] kek TTY IRQ      TPS @ 177564 val=000200 unqueue vec=064 remaining=34
[vpdp1170] kek TTY IRQ      TPS @ 177564 val=000200 unqueue vec=064 remaining=33
[vpdp1170] kek TTY IRQ      TPS @ 177564 val=000200 unqueue vec=064 remaining=32
[vpdp1170] kek TTY IRQ      TPS @ 177564 val=000200 unqueue vec=064 remaining=31
[vpdp1170] kek TTY IRQ      TPS @ 177564 val=000200 unqueue vec=064 remaining=30
[vpdp1170] kek TTY IRQ      TPS @ 177564 val=000200 unqueue vec=064 remaining=29
[vpdp1170] kek TTY IRQ      TPS @ 177564 val=000200 unqueue vec=064 remaining=28
[vpdp1170] kek TTY IRQ      TPS @ 177564 val=000200 unqueue vec=064 remaining=27
[vpdp1170] kek TTY IRQ      TPS @ 177564 val=000200 unqueue vec=064 remaining=26
[vpdp1170] kek TTY IRQ      TPS @ 177564 val=000200 unqueue vec=064 remaining=25
[vpdp1170] kek TTY IRQ      TPS @ 177564 val=000200 unqueue vec=064 remaining=24
[vpdp1170] kek TTY IRQ      TPS @ 177564 val=000200 unqueue vec=064 remaining=23
[vpdp1170] kek TTY IRQ      TPS @ 177564 val=000200 unqueue vec=064 remaining=22
[vpdp1170] kek TTY IRQ      TPS @ 177564 val=000200 unqueue vec=064 remaining=21
[vpdp1170] kek TTY IRQ      TPS @ 177564 val=000200 unqueue vec=064 remaining=20
[vpdp1170] kek TTY IRQ      TPS @ 177564 val=000200 unqueue vec=064 remaining=19
[vpdp1170] kek TTY IRQ      TPS @ 177564 val=000200 unqueue vec=064 remaining=18
[vpdp1170] kek TTY IRQ      TPS @ 177564 val=000200 unqueue vec=064 remaining=17
[vpdp1170] kek TTY IRQ      TPS @ 177564 val=000200 unqueue vec=064 remaining=16
[vpdp1170] kek TTY IRQ      TPS @ 177564 val=000200 unqueue vec=064 remaining=15
[vpdp1170] kek TTY IRQ      TPS @ 177564 val=000200 unqueue vec=064 remaining=14
[vpdp1170] kek TTY IRQ      TPS @ 177564 val=000200 unqueue vec=064 remaining=13
[vpdp1170] kek TTY IRQ      TPS @ 177564 val=000200 unqueue vec=064 remaining=12
[vpdp1170] kek TTY IRQ      TPS @ 177564 val=000200 unqueue vec=064 remaining=11
[vpdp1170] kek TTY IRQ      TPS @ 177564 val=000200 unqueue vec=064 remaining=10
[vpdp1170] kek TTY IRQ      TPS @ 177564 val=000200 unqueue vec=064 remaining=9
[vpdp1170] kek TTY IRQ      TPS @ 177564 val=000200 unqueue vec=064 remaining=8
[vpdp1170] kek TTY IRQ      TPS @ 177564 val=000200 unqueue vec=064 remaining=7
[vpdp1170] kek TTY IRQ      TPS @ 177564 val=000200 unqueue vec=064 remaining=6
[vpdp1170] kek TTY IRQ      TPS @ 177564 val=000200 unqueue vec=064 remaining=5
[vpdp1170] kek TTY IRQ      TPS @ 177564 val=000200 unqueue vec=064 remaining=4
[vpdp1170] kek TTY IRQ      TPS @ 177564 val=000200 unqueue vec=064 remaining=3
[vpdp1170] kek TTY IRQ      TPS @ 177564 val=000200 unqueue vec=064 remaining=2
[vpdp1170] kek TTY IRQ      TPS @ 177564 val=000200 unqueue vec=064 remaining=1
[vpdp1170] kek TTY IRQ      TPS @ 177564 val=000200 unqueue vec=064 remaining=0
[vpdp1170] kek TTY trace ended: tx=0 txready=0 irq64 q/u=0/1000 rx=0 irq60 q/u=0/0 TKS=000000 TKB=000000 TPS=000200 TPB=000000 busy=0 last_tx=000 last_tx_ms=0 last_ready_ms=0
..............
[vpdp1170] WiFi connected, IP=192.168.7.144
[vpdp1170] telnet: listening on port 23
[vpdp1170] ftp: configured port 21 (will start when WiFi connects)
[vpdp1170] touch: FT6336U firmware id 0x02
[vpdp1170] disk_mount[RK0]: /RSTS11v4B.dsk (2494464 bytes)
[vpdp1170] disks_mount RK0: "/RSTS11v4B.dsk" -> mounted
[vpdp1170] --- booting kek PDP-11/70 from RK0, console -> TFT ---
[vpdp1170] kek RK05 attached to host RK0 slot: /RSTS11v4B.dsk (2494464 bytes)
[vpdp1170] kek boot stub installed: banner @01000, RK0 boot ROM @02000
[vpdp1170] console: injected 27 boot input bytes
[vpdp1170] ftp: listening on port 21 at 192.168.7.144
vpdp1170: kek PDP-11/70 adapter console OK; trying RK0 boot...

RSTS V04B-17 RSTSV4B

OPTION? START
DD-MON-YY? 1-JAN-789
HH:MM? 00:00
RSTS4B - SYSTEM PACK MOUNTED
ENABLE CRASH DUMP? Y
DISABLING INTERFACE FOR KB01:
CHAIN "INIT"
